have_library: checking for clock_gettime() in -lrt... -------------------- yes

"gcc -o conftest -I/home/action/.parts/packages/ruby2.1/2.1.1/include/ruby-2.1.0/x86_64-linux -I/home/action/.parts/packages/ruby2.1/2.1.1/include/ruby-2.1.0/ruby/backward -I/home/action/.parts/packages/ruby2.1/2.1.1/include/ruby-2.1.0 -I. -D_FORTIFY_SOURCE=2   -march=x86-64 -mtune=generic -O2 -pipe -fstack-protector --param=ssp-buffer-size=4 conftest.c  -L. -L/home/action/.parts/packages/ruby2.1/2.1.1/lib -Wl,-R/home/action/.parts/packages/ruby2.1/2.1.1/lib -L. -Wl,-O1,--sort-common,--as-needed,-z,relro -fstack-protector -rdynamic -Wl,-export-dynamic     -Wl,-R -Wl,/home/action/.parts/packages/ruby2.1/2.1.1/lib -L/home/action/.parts/packages/ruby2.1/2.1.1/lib -lruby-static  -lpthread -lrt -ldl -lcrypt -lm   -lc"
checked program was:
/* begin */
1: #include "ruby.h"
2: 
3: int main(int argc, char **argv)
4: {
5:   return 0;
6: }
/* end */

"gcc -o conftest -I/home/action/.parts/packages/ruby2.1/2.1.1/include/ruby-2.1.0/x86_64-linux -I/home/action/.parts/packages/ruby2.1/2.1.1/include/ruby-2.1.0/ruby/backward -I/home/action/.parts/packages/ruby2.1/2.1.1/include/ruby-2.1.0 -I. -D_FORTIFY_SOURCE=2   -march=x86-64 -mtune=generic -O2 -pipe -fstack-protector --param=ssp-buffer-size=4 conftest.c  -L. -L/home/action/.parts/packages/ruby2.1/2.1.1/lib -Wl,-R/home/action/.parts/packages/ruby2.1/2.1.1/lib -L. -Wl,-O1,--sort-common,--as-needed,-z,relro -fstack-protector -rdynamic -Wl,-export-dynamic     -Wl,-R -Wl,/home/action/.parts/packages/ruby2.1/2.1.1/lib -L/home/action/.parts/packages/ruby2.1/2.1.1/lib -lruby-static -lrt  -lpthread -lrt -ldl -lcrypt -lm   -lc"
conftest.c: In function ‘t’:
conftest.c:13:57: error: ‘clock_gettime’ undeclared (first use in this function)
conftest.c:13:57: note: each undeclared identifier is reported only once for each function it appears in
checked program was:
/* begin */
 1: #include "ruby.h"
 2: 
 3: /*top*/
 4: extern int t(void);
 5: int main(int argc, char **argv)
 6: {
 7:   if (argc > 1000000) {
 8:     printf("%p", &t);
 9:   }
10: 
11:   return 0;
12: }
13: int t(void) { void ((*volatile p)()); p = (void ((*)()))clock_gettime; return 0; }
/* end */

"gcc -o conftest -I/home/action/.parts/packages/ruby2.1/2.1.1/include/ruby-2.1.0/x86_64-linux -I/home/action/.parts/packages/ruby2.1/2.1.1/include/ruby-2.1.0/ruby/backward -I/home/action/.parts/packages/ruby2.1/2.1.1/include/ruby-2.1.0 -I. -D_FORTIFY_SOURCE=2   -march=x86-64 -mtune=generic -O2 -pipe -fstack-protector --param=ssp-buffer-size=4 conftest.c  -L. -L/home/action/.parts/packages/ruby2.1/2.1.1/lib -Wl,-R/home/action/.parts/packages/ruby2.1/2.1.1/lib -L. -Wl,-O1,--sort-common,--as-needed,-z,relro -fstack-protector -rdynamic -Wl,-export-dynamic     -Wl,-R -Wl,/home/action/.parts/packages/ruby2.1/2.1.1/lib -L/home/action/.parts/packages/ruby2.1/2.1.1/lib -lruby-static -lrt  -lpthread -lrt -ldl -lcrypt -lm   -lc"
checked program was:
/* begin */
 1: #include "ruby.h"
 2: 
 3: /*top*/
 4: extern int t(void);
 5: int main(int argc, char **argv)
 6: {
 7:   if (argc > 1000000) {
 8:     printf("%p", &t);
 9:   }
10: 
11:   return 0;
12: }
13: int t(void) { clock_gettime(); return 0; }
/* end */

--------------------

