

Started GET "/" for 136.152.142.65 at 2014-10-23 23:30:07 +0000
Processing by Rails::WelcomeController#index as HTML
  Rendered /home/action/.gem/ruby/2.1.1/gems/railties-4.1.0/lib/rails/templates/rails/welcome/index.html.erb (3.3ms)
Completed 200 OK in 111ms (Views: 70.7ms | ActiveRecord: 0.0ms)
  [1m[36m (36.5ms)[0m  [1mCREATE TABLE "schema_migrations" ("version" varchar(255) NOT NULL) [0m
  [1m[35m (0.2ms)[0m  select sqlite_version(*)
  [1m[36m (21.9ms)[0m  [1mCREATE UNIQUE INDEX "unique_schema_migrations" ON "schema_migrations" ("version")[0m
  [1m[35mActiveRecord::SchemaMigration Load (0.2ms)[0m  SELECT "schema_migrations".* FROM "schema_migrations"
Migrating to CreateUsers (20141107004236)
  [1m[36m (0.1ms)[0m  [1mbegin transaction[0m
  [1m[35m (0.5ms)[0m  CREATE TABLE "users" ("id" INTEGER PRIMARY KEY AUTOINCREMENT NOT NULL, "name" varchar(255), "email" varchar(255), "created_at" datetime, "updated_at" datetime) 
  [1m[36mSQL (0.2ms)[0m  [1mINSERT INTO "schema_migrations" ("version") VALUES (?)[0m  [["version", "20141107004236"]]
  [1m[35m (20.2ms)[0m  commit transaction
  [1m[36mActiveRecord::SchemaMigration Load (0.1ms)[0m  [1mSELECT "schema_migrations".* FROM "schema_migrations"[0m


Started GET "/" for 136.152.142.64 at 2014-11-07 00:47:56 +0000
  [1m[36mActiveRecord::SchemaMigration Load (0.2ms)[0m  [1mSELECT "schema_migrations".* FROM "schema_migrations"[0m
Processing by Rails::WelcomeController#index as HTML
  Rendered /home/action/.gem/ruby/2.1.1/gems/railties-4.1.0/lib/rails/templates/rails/welcome/index.html.erb (4.2ms)
Completed 200 OK in 97ms (Views: 63.8ms | ActiveRecord: 0.0ms)


Started GET "/users" for 136.152.142.64 at 2014-11-07 00:48:09 +0000
Processing by UsersController#index as HTML
  [1m[35mUser Load (0.3ms)[0m  SELECT "users".* FROM "users"
  Rendered users/index.html.erb within layouts/application (2.1ms)
Warning. Error encountered while saving cache 056b6bc390c2b4e5d14787a1889765f6ead5d728/scaffolds.css.scssc: can't dump anonymous class #<Class:0x007f1a835893b0>

Warning. Error encountered while saving cache 056b6bc390c2b4e5d14787a1889765f6ead5d728/users.css.scssc: can't dump anonymous class #<Class:0x007f1a835893b0>

Completed 200 OK in 1631ms (Views: 1628.6ms | ActiveRecord: 0.3ms)


Started GET "/assets/scaffolds.css?body=1" for 136.152.142.64 at 2014-11-07 00:48:11 +0000


Started GET "/assets/jquery.js?body=1" for 136.152.142.64 at 2014-11-07 00:48:11 +0000


Started GET "/assets/users.css?body=1" for 136.152.142.64 at 2014-11-07 00:48:11 +0000


Started GET "/assets/jquery_ujs.js?body=1" for 136.152.142.64 at 2014-11-07 00:48:11 +0000


Started GET "/assets/turbolinks.js?body=1" for 136.152.142.64 at 2014-11-07 00:48:11 +0000


Started GET "/assets/application.css?body=1" for 136.152.142.64 at 2014-11-07 00:48:11 +0000


Started GET "/assets/users.js?body=1" for 136.152.142.64 at 2014-11-07 00:48:11 +0000


Started GET "/assets/application.js?body=1" for 136.152.142.64 at 2014-11-07 00:48:11 +0000


Started GET "/users/new" for 136.152.142.64 at 2014-11-07 00:48:18 +0000
Processing by UsersController#new as HTML
  Rendered users/_form.html.erb (670.1ms)
  Rendered users/new.html.erb within layouts/application (688.3ms)
Completed 200 OK in 781ms (Views: 778.1ms | ActiveRecord: 0.5ms)


Started POST "/users" for 136.152.142.64 at 2014-11-07 00:48:33 +0000
Processing by UsersController#create as HTML
  Parameters: {"utf8"=>"✓", "authenticity_token"=>"dQG3bq/9FBQscMxNlOKbs7q69V3EvredkU9TIHeEE9k=", "user"=>{"name"=>"paul", "email"=>"paul.jasinowski@gmail.com"}, "commit"=>"Create User"}
  [1m[36m (0.2ms)[0m  [1mbegin transaction[0m
  [1m[35mSQL (0.6ms)[0m  INSERT INTO "users" ("created_at", "email", "name", "updated_at") VALUES (?, ?, ?, ?)  [["created_at", "2014-11-07 00:48:33.477634"], ["email", "paul.jasinowski@gmail.com"], ["name", "paul"], ["updated_at", "2014-11-07 00:48:33.477634"]]
  [1m[36m (26.1ms)[0m  [1mcommit transaction[0m
Redirected to http://black-rambo-86-155288.usw1.nitrousbox.com/users/1
Completed 302 Found in 57ms (ActiveRecord: 26.9ms)


Started GET "/users/1" for 136.152.142.64 at 2014-11-07 00:48:33 +0000
Processing by UsersController#show as HTML
  Parameters: {"id"=>"1"}
  [1m[35mUser Load (0.3ms)[0m  SELECT  "users".* FROM "users"  WHERE "users"."id" = ? LIMIT 1  [["id", 1]]
  Rendered users/show.html.erb within layouts/application (1.0ms)
Completed 200 OK in 92ms (Views: 88.7ms | ActiveRecord: 0.3ms)


Started GET "/users" for 136.152.142.64 at 2014-11-07 00:49:08 +0000
Processing by UsersController#index as HTML
  [1m[36mUser Load (0.3ms)[0m  [1mSELECT "users".* FROM "users"[0m
  Rendered users/index.html.erb within layouts/application (2.5ms)
Completed 200 OK in 84ms (Views: 82.5ms | ActiveRecord: 0.3ms)


Started GET "/users/1" for 136.152.142.64 at 2014-11-07 00:49:12 +0000
Processing by UsersController#show as HTML
  Parameters: {"id"=>"1"}
  [1m[35mUser Load (0.2ms)[0m  SELECT  "users".* FROM "users"  WHERE "users"."id" = ? LIMIT 1  [["id", 1]]
  Rendered users/show.html.erb within layouts/application (1.0ms)
Completed 200 OK in 94ms (Views: 92.9ms | ActiveRecord: 0.2ms)


Started GET "/users" for 136.152.142.64 at 2014-11-07 00:49:14 +0000
Processing by UsersController#index as HTML
  [1m[36mUser Load (0.3ms)[0m  [1mSELECT "users".* FROM "users"[0m
  Rendered users/index.html.erb within layouts/application (1.5ms)
Completed 200 OK in 82ms (Views: 81.3ms | ActiveRecord: 0.3ms)


Started GET "/users/1/edit" for 136.152.142.64 at 2014-11-07 00:49:15 +0000
Processing by UsersController#edit as HTML
  Parameters: {"id"=>"1"}
  [1m[35mUser Load (0.2ms)[0m  SELECT  "users".* FROM "users"  WHERE "users"."id" = ? LIMIT 1  [["id", 1]]
  Rendered users/_form.html.erb (2.4ms)
  Rendered users/edit.html.erb within layouts/application (5.1ms)
Completed 200 OK in 96ms (Views: 94.4ms | ActiveRecord: 0.2ms)


Started GET "/users" for 136.152.142.64 at 2014-11-07 00:49:16 +0000
Processing by UsersController#index as HTML
  [1m[36mUser Load (0.3ms)[0m  [1mSELECT "users".* FROM "users"[0m
  Rendered users/index.html.erb within layouts/application (1.7ms)
Completed 200 OK in 83ms (Views: 82.4ms | ActiveRecord: 0.3ms)


Started GET "/" for 136.152.142.64 at 2014-11-14 00:53:55 +0000
  [1m[36mActiveRecord::SchemaMigration Load (0.2ms)[0m  [1mSELECT "schema_migrations".* FROM "schema_migrations"[0m
Processing by Rails::WelcomeController#index as HTML
  Rendered /home/action/.gem/ruby/2.1.1/gems/railties-4.1.0/lib/rails/templates/rails/welcome/index.html.erb (3.5ms)
Completed 200 OK in 145ms (Views: 85.2ms | ActiveRecord: 0.0ms)


Started GET "/static_pages/home" for 136.152.142.64 at 2014-11-14 00:54:27 +0000
Processing by StaticPagesController#home as HTML
  Rendered static_pages/home.html.erb within layouts/application (0.6ms)
Warning. Error encountered while saving cache 056b6bc390c2b4e5d14787a1889765f6ead5d728/static_pages.css.scssc: can't dump anonymous class #<Class:0x007f28ee8f43a0>

Completed 200 OK in 1012ms (Views: 1011.2ms | ActiveRecord: 0.0ms)


Started GET "/assets/scaffolds.css?body=1" for 136.152.142.64 at 2014-11-14 00:54:28 +0000


Started GET "/assets/jquery.js?body=1" for 136.152.142.64 at 2014-11-14 00:54:29 +0000


Started GET "/assets/users.css?body=1" for 136.152.142.64 at 2014-11-14 00:54:29 +0000


Started GET "/assets/static_pages.css?body=1" for 136.152.142.64 at 2014-11-14 00:54:29 +0000


Started GET "/assets/jquery_ujs.js?body=1" for 136.152.142.64 at 2014-11-14 00:54:29 +0000


Started GET "/assets/turbolinks.js?body=1" for 136.152.142.64 at 2014-11-14 00:54:29 +0000


Started GET "/assets/application.css?body=1" for 136.152.142.64 at 2014-11-14 00:54:29 +0000


Started GET "/assets/application.js?body=1" for 136.152.142.64 at 2014-11-14 00:54:29 +0000


Started GET "/assets/users.js?body=1" for 136.152.142.64 at 2014-11-14 00:54:29 +0000


Started GET "/assets/static_pages.js?body=1" for 136.152.142.64 at 2014-11-14 00:54:29 +0000


Started GET "/static_pages/home" for 136.152.142.64 at 2014-11-14 01:10:28 +0000
  [1m[36mActiveRecord::SchemaMigration Load (0.2ms)[0m  [1mSELECT "schema_migrations".* FROM "schema_migrations"[0m
Processing by StaticPagesController#home as HTML
  Rendered static_pages/home.html.erb within layouts/application (3.2ms)
Completed 200 OK in 797ms (Views: 648.8ms | ActiveRecord: 0.0ms)


Started GET "/assets/static_pages.css?body=1" for 136.152.142.64 at 2014-11-14 01:10:29 +0000


Started GET "/assets/static_pages.js?body=1" for 136.152.142.64 at 2014-11-14 01:10:29 +0000


Started GET "/static_pages/help" for 136.152.142.64 at 2014-11-14 01:10:40 +0000
Processing by StaticPagesController#help as HTML
  Rendered static_pages/help.html.erb within layouts/application (0.4ms)
Completed 200 OK in 124ms (Views: 123.0ms | ActiveRecord: 0.0ms)


Started GET "/assets/static_pages.css?body=1" for 136.152.142.64 at 2014-11-14 01:10:40 +0000


Started GET "/assets/static_pages.js?body=1" for 136.152.142.64 at 2014-11-14 01:10:40 +0000


Started GET "/help" for 136.152.142.64 at 2014-11-14 01:28:20 +0000
Processing by StaticPagesController#help as HTML
  Rendered static_pages/help.html.erb within layouts/application (0.1ms)
Completed 200 OK in 104ms (Views: 103.1ms | ActiveRecord: 0.0ms)


Started GET "/assets/static_pages.css?body=1" for 136.152.142.64 at 2014-11-14 01:28:20 +0000


Started GET "/assets/static_pages.js?body=1" for 136.152.142.64 at 2014-11-14 01:28:20 +0000


Started GET "/home" for 136.152.142.64 at 2014-11-14 01:28:24 +0000

ActionController::RoutingError (No route matches [GET] "/home"):
  web-console (2.0.0.beta3) lib/action_dispatch/debug_exceptions.rb:22:in `middleware_call'
  web-console (2.0.0.beta3) lib/action_dispatch/debug_exceptions.rb:13:in `call'
  actionpack (4.1.0) lib/action_dispatch/middleware/show_exceptions.rb:30:in `call'
  railties (4.1.0) lib/rails/rack/logger.rb:38:in `call_app'
  railties (4.1.0) lib/rails/rack/logger.rb:20:in `block in call'
  activesupport (4.1.0) lib/active_support/tagged_logging.rb:68:in `block in tagged'
  activesupport (4.1.0) lib/active_support/tagged_logging.rb:26:in `tagged'
  activesupport (4.1.0) lib/active_support/tagged_logging.rb:68:in `tagged'
  railties (4.1.0) lib/rails/rack/logger.rb:20:in `call'
  actionpack (4.1.0) lib/action_dispatch/middleware/request_id.rb:21:in `call'
  rack (1.5.2) lib/rack/methodoverride.rb:21:in `call'
  rack (1.5.2) lib/rack/runtime.rb:17:in `call'
  activesupport (4.1.0) lib/active_support/cache/strategy/local_cache_middleware.rb:26:in `call'
  rack (1.5.2) lib/rack/lock.rb:17:in `call'
  actionpack (4.1.0) lib/action_dispatch/middleware/static.rb:64:in `call'
  rack (1.5.2) lib/rack/sendfile.rb:112:in `call'
  railties (4.1.0) lib/rails/engine.rb:514:in `call'
  railties (4.1.0) lib/rails/application.rb:144:in `call'
  rack (1.5.2) lib/rack/lock.rb:17:in `call'
  rack (1.5.2) lib/rack/content_length.rb:14:in `call'
  rack (1.5.2) lib/rack/handler/webrick.rb:60:in `service'
  /home/action/.parts/packages/ruby2.1/2.1.1/lib/ruby/2.1.0/webrick/httpserver.rb:138:in `service'
  /home/action/.parts/packages/ruby2.1/2.1.1/lib/ruby/2.1.0/webrick/httpserver.rb:94:in `run'
  /home/action/.parts/packages/ruby2.1/2.1.1/lib/ruby/2.1.0/webrick/server.rb:295:in `block in start_thread'


  Rendered /home/action/.gem/ruby/2.1.1/gems/web-console-2.0.0.beta3/lib/action_dispatch/templates/rescues/_trace.html.erb (2.7ms)
  Rendered /home/action/.gem/ruby/2.1.1/gems/web-console-2.0.0.beta3/lib/action_dispatch/templates/rescues/routing_error.html.erb within rescues/layout (133.5ms)


Started GET "/" for 136.152.142.64 at 2014-11-14 01:30:00 +0000
Processing by StaticPagesController#home as HTML
  Rendered static_pages/home.html.erb within layouts/application (0.1ms)
Completed 200 OK in 115ms (Views: 114.8ms | ActiveRecord: 0.0ms)


Started GET "/assets/static_pages.js?body=1" for 136.152.142.64 at 2014-11-14 01:30:00 +0000


Started GET "/assets/static_pages.css?body=1" for 136.152.142.64 at 2014-11-14 01:30:00 +0000


Started GET "/" for 136.152.142.64 at 2014-11-21 00:44:49 +0000
  [1m[36mActiveRecord::SchemaMigration Load (0.2ms)[0m  [1mSELECT "schema_migrations".* FROM "schema_migrations"[0m
Processing by StaticPagesController#home as HTML
  Rendered static_pages/home.html.erb within layouts/application (74.1ms)
Completed 200 OK in 555ms (Views: 523.0ms | ActiveRecord: 0.0ms)


Started GET "/assets/jquery.js?body=1" for 136.152.142.64 at 2014-11-21 00:44:50 +0000


Started GET "/assets/scaffolds.css?body=1" for 136.152.142.64 at 2014-11-21 00:44:50 +0000


Started GET "/assets/users.css?body=1" for 136.152.142.64 at 2014-11-21 00:44:50 +0000


Started GET "/assets/application.css?body=1" for 136.152.142.64 at 2014-11-21 00:44:50 +0000


Started GET "/assets/jquery_ujs.js?body=1" for 136.152.142.64 at 2014-11-21 00:44:50 +0000


Started GET "/assets/static_pages.css?body=1" for 136.152.142.64 at 2014-11-21 00:44:50 +0000


Started GET "/assets/users.js?body=1" for 136.152.142.64 at 2014-11-21 00:44:51 +0000


Started GET "/assets/static_pages.js?body=1" for 136.152.142.64 at 2014-11-21 00:44:51 +0000


Started GET "/assets/application.js?body=1" for 136.152.142.64 at 2014-11-21 00:44:51 +0000


Started GET "/assets/turbolinks.js?body=1" for 136.152.142.64 at 2014-11-21 00:44:51 +0000


Started GET "/" for 136.152.142.64 at 2014-11-21 00:47:56 +0000
Processing by StaticPagesController#home as HTML
  Rendered static_pages/home.html.erb within layouts/application (0.3ms)
Warning. Error encountered while saving cache 056b6bc390c2b4e5d14787a1889765f6ead5d728/custom.css.scssc: can't dump anonymous class #<Class:0x007fb7e9cb9190>

Warning. Error encountered while saving cache 5e6646221b5ff0c77bb95fe0b02777b61b044786/_bootstrap-sprockets.scssc: can't dump anonymous class #<Class:0x007fb7e9cb9190>

Warning. Error encountered while saving cache 5e6646221b5ff0c77bb95fe0b02777b61b044786/bootstrap.scssc: can't dump anonymous class #<Class:0x007fb7e9cb9190>

Warning. Error encountered while saving cache 01296d8ce947e3bce1920e975761826c57703770/_variables.scssc: can't dump anonymous class #<Class:0x007fb7e9cb9190>

Warning. Error encountered while saving cache 01296d8ce947e3bce1920e975761826c57703770/_mixins.scssc: can't dump anonymous class #<Class:0x007fb7e9cb9190>

Warning. Error encountered while saving cache 53599513bf5bf66f5292de3dbc4253dad09d5549/_hide-text.scssc: can't dump anonymous class #<Class:0x007fb7e9cb9190>

Warning. Error encountered while saving cache 53599513bf5bf66f5292de3dbc4253dad09d5549/_opacity.scssc: can't dump anonymous class #<Class:0x007fb7e9cb9190>

Warning. Error encountered while saving cache 53599513bf5bf66f5292de3dbc4253dad09d5549/_image.scssc: can't dump anonymous class #<Class:0x007fb7e9cb9190>

Warning. Error encountered while saving cache 53599513bf5bf66f5292de3dbc4253dad09d5549/_labels.scssc: can't dump anonymous class #<Class:0x007fb7e9cb9190>

Warning. Error encountered while saving cache 53599513bf5bf66f5292de3dbc4253dad09d5549/_reset-filter.scssc: can't dump anonymous class #<Class:0x007fb7e9cb9190>

Warning. Error encountered while saving cache 53599513bf5bf66f5292de3dbc4253dad09d5549/_resize.scssc: can't dump anonymous class #<Class:0x007fb7e9cb9190>

Warning. Error encountered while saving cache 53599513bf5bf66f5292de3dbc4253dad09d5549/_responsive-visibility.scssc: can't dump anonymous class #<Class:0x007fb7e9cb9190>

Warning. Error encountered while saving cache 53599513bf5bf66f5292de3dbc4253dad09d5549/_size.scssc: can't dump anonymous class #<Class:0x007fb7e9cb9190>

Warning. Error encountered while saving cache 53599513bf5bf66f5292de3dbc4253dad09d5549/_tab-focus.scssc: can't dump anonymous class #<Class:0x007fb7e9cb9190>

Warning. Error encountered while saving cache 53599513bf5bf66f5292de3dbc4253dad09d5549/_text-emphasis.scssc: can't dump anonymous class #<Class:0x007fb7e9cb9190>

Warning. Error encountered while saving cache 53599513bf5bf66f5292de3dbc4253dad09d5549/_text-overflow.scssc: can't dump anonymous class #<Class:0x007fb7e9cb9190>

Warning. Error encountered while saving cache 53599513bf5bf66f5292de3dbc4253dad09d5549/_vendor-prefixes.scssc: can't dump anonymous class #<Class:0x007fb7e9cb9190>

Warning. Error encountered while saving cache 53599513bf5bf66f5292de3dbc4253dad09d5549/_alerts.scssc: can't dump anonymous class #<Class:0x007fb7e9cb9190>

Warning. Error encountered while saving cache 53599513bf5bf66f5292de3dbc4253dad09d5549/_buttons.scssc: can't dump anonymous class #<Class:0x007fb7e9cb9190>

Warning. Error encountered while saving cache 53599513bf5bf66f5292de3dbc4253dad09d5549/_panels.scssc: can't dump anonymous class #<Class:0x007fb7e9cb9190>

Warning. Error encountered while saving cache 53599513bf5bf66f5292de3dbc4253dad09d5549/_pagination.scssc: can't dump anonymous class #<Class:0x007fb7e9cb9190>

Warning. Error encountered while saving cache 53599513bf5bf66f5292de3dbc4253dad09d5549/_list-group.scssc: can't dump anonymous class #<Class:0x007fb7e9cb9190>

Warning. Error encountered while saving cache 53599513bf5bf66f5292de3dbc4253dad09d5549/_nav-divider.scssc: can't dump anonymous class #<Class:0x007fb7e9cb9190>

Warning. Error encountered while saving cache 53599513bf5bf66f5292de3dbc4253dad09d5549/_forms.scssc: can't dump anonymous class #<Class:0x007fb7e9cb9190>

Warning. Error encountered while saving cache 53599513bf5bf66f5292de3dbc4253dad09d5549/_progress-bar.scssc: can't dump anonymous class #<Class:0x007fb7e9cb9190>

Warning. Error encountered while saving cache 53599513bf5bf66f5292de3dbc4253dad09d5549/_table-row.scssc: can't dump anonymous class #<Class:0x007fb7e9cb9190>

Warning. Error encountered while saving cache 53599513bf5bf66f5292de3dbc4253dad09d5549/_background-variant.scssc: can't dump anonymous class #<Class:0x007fb7e9cb9190>

Warning. Error encountered while saving cache 53599513bf5bf66f5292de3dbc4253dad09d5549/_border-radius.scssc: can't dump anonymous class #<Class:0x007fb7e9cb9190>

Warning. Error encountered while saving cache 53599513bf5bf66f5292de3dbc4253dad09d5549/_gradients.scssc: can't dump anonymous class #<Class:0x007fb7e9cb9190>

Warning. Error encountered while saving cache 53599513bf5bf66f5292de3dbc4253dad09d5549/_clearfix.scssc: can't dump anonymous class #<Class:0x007fb7e9cb9190>

Warning. Error encountered while saving cache 53599513bf5bf66f5292de3dbc4253dad09d5549/_center-block.scssc: can't dump anonymous class #<Class:0x007fb7e9cb9190>

Warning. Error encountered while saving cache 53599513bf5bf66f5292de3dbc4253dad09d5549/_nav-vertical-align.scssc: can't dump anonymous class #<Class:0x007fb7e9cb9190>

Warning. Error encountered while saving cache 53599513bf5bf66f5292de3dbc4253dad09d5549/_grid-framework.scssc: can't dump anonymous class #<Class:0x007fb7e9cb9190>

Warning. Error encountered while saving cache 53599513bf5bf66f5292de3dbc4253dad09d5549/_grid.scssc: can't dump anonymous class #<Class:0x007fb7e9cb9190>

Warning. Error encountered while saving cache 01296d8ce947e3bce1920e975761826c57703770/_normalize.scssc: can't dump anonymous class #<Class:0x007fb7e9cb9190>

Warning. Error encountered while saving cache 01296d8ce947e3bce1920e975761826c57703770/_print.scssc: can't dump anonymous class #<Class:0x007fb7e9cb9190>

Warning. Error encountered while saving cache 01296d8ce947e3bce1920e975761826c57703770/_glyphicons.scssc: can't dump anonymous class #<Class:0x007fb7e9cb9190>

Warning. Error encountered while saving cache 01296d8ce947e3bce1920e975761826c57703770/_scaffolding.scssc: can't dump anonymous class #<Class:0x007fb7e9cb9190>

Warning. Error encountered while saving cache 01296d8ce947e3bce1920e975761826c57703770/_type.scssc: can't dump anonymous class #<Class:0x007fb7e9cb9190>

Warning. Error encountered while saving cache 01296d8ce947e3bce1920e975761826c57703770/_code.scssc: can't dump anonymous class #<Class:0x007fb7e9cb9190>

Warning. Error encountered while saving cache 01296d8ce947e3bce1920e975761826c57703770/_grid.scssc: can't dump anonymous class #<Class:0x007fb7e9cb9190>

Warning. Error encountered while saving cache 01296d8ce947e3bce1920e975761826c57703770/_tables.scssc: can't dump anonymous class #<Class:0x007fb7e9cb9190>

Warning. Error encountered while saving cache 01296d8ce947e3bce1920e975761826c57703770/_forms.scssc: can't dump anonymous class #<Class:0x007fb7e9cb9190>

Warning. Error encountered while saving cache 01296d8ce947e3bce1920e975761826c57703770/_buttons.scssc: can't dump anonymous class #<Class:0x007fb7e9cb9190>

Warning. Error encountered while saving cache 01296d8ce947e3bce1920e975761826c57703770/_component-animations.scssc: can't dump anonymous class #<Class:0x007fb7e9cb9190>

Warning. Error encountered while saving cache 01296d8ce947e3bce1920e975761826c57703770/_dropdowns.scssc: can't dump anonymous class #<Class:0x007fb7e9cb9190>

Warning. Error encountered while saving cache 01296d8ce947e3bce1920e975761826c57703770/_button-groups.scssc: can't dump anonymous class #<Class:0x007fb7e9cb9190>

Warning. Error encountered while saving cache 01296d8ce947e3bce1920e975761826c57703770/_input-groups.scssc: can't dump anonymous class #<Class:0x007fb7e9cb9190>

Warning. Error encountered while saving cache 01296d8ce947e3bce1920e975761826c57703770/_navs.scssc: can't dump anonymous class #<Class:0x007fb7e9cb9190>

Warning. Error encountered while saving cache 01296d8ce947e3bce1920e975761826c57703770/_navbar.scssc: can't dump anonymous class #<Class:0x007fb7e9cb9190>

Warning. Error encountered while saving cache 01296d8ce947e3bce1920e975761826c57703770/_breadcrumbs.scssc: can't dump anonymous class #<Class:0x007fb7e9cb9190>

Warning. Error encountered while saving cache 01296d8ce947e3bce1920e975761826c57703770/_pagination.scssc: can't dump anonymous class #<Class:0x007fb7e9cb9190>

Warning. Error encountered while saving cache 01296d8ce947e3bce1920e975761826c57703770/_pager.scssc: can't dump anonymous class #<Class:0x007fb7e9cb9190>

Warning. Error encountered while saving cache 01296d8ce947e3bce1920e975761826c57703770/_labels.scssc: can't dump anonymous class #<Class:0x007fb7e9cb9190>

Warning. Error encountered while saving cache 01296d8ce947e3bce1920e975761826c57703770/_badges.scssc: can't dump anonymous class #<Class:0x007fb7e9cb9190>

Warning. Error encountered while saving cache 01296d8ce947e3bce1920e975761826c57703770/_jumbotron.scssc: can't dump anonymous class #<Class:0x007fb7e9cb9190>

Warning. Error encountered while saving cache 01296d8ce947e3bce1920e975761826c57703770/_thumbnails.scssc: can't dump anonymous class #<Class:0x007fb7e9cb9190>

Warning. Error encountered while saving cache 01296d8ce947e3bce1920e975761826c57703770/_alerts.scssc: can't dump anonymous class #<Class:0x007fb7e9cb9190>

Warning. Error encountered while saving cache 01296d8ce947e3bce1920e975761826c57703770/_progress-bars.scssc: can't dump anonymous class #<Class:0x007fb7e9cb9190>

Warning. Error encountered while saving cache 01296d8ce947e3bce1920e975761826c57703770/_media.scssc: can't dump anonymous class #<Class:0x007fb7e9cb9190>

Warning. Error encountered while saving cache 01296d8ce947e3bce1920e975761826c57703770/_list-group.scssc: can't dump anonymous class #<Class:0x007fb7e9cb9190>

Warning. Error encountered while saving cache 01296d8ce947e3bce1920e975761826c57703770/_panels.scssc: can't dump anonymous class #<Class:0x007fb7e9cb9190>

Warning. Error encountered while saving cache 01296d8ce947e3bce1920e975761826c57703770/_responsive-embed.scssc: can't dump anonymous class #<Class:0x007fb7e9cb9190>

Warning. Error encountered while saving cache 01296d8ce947e3bce1920e975761826c57703770/_wells.scssc: can't dump anonymous class #<Class:0x007fb7e9cb9190>

Warning. Error encountered while saving cache 01296d8ce947e3bce1920e975761826c57703770/_close.scssc: can't dump anonymous class #<Class:0x007fb7e9cb9190>

Warning. Error encountered while saving cache 01296d8ce947e3bce1920e975761826c57703770/_modals.scssc: can't dump anonymous class #<Class:0x007fb7e9cb9190>

Warning. Error encountered while saving cache 01296d8ce947e3bce1920e975761826c57703770/_tooltip.scssc: can't dump anonymous class #<Class:0x007fb7e9cb9190>

Warning. Error encountered while saving cache 01296d8ce947e3bce1920e975761826c57703770/_popovers.scssc: can't dump anonymous class #<Class:0x007fb7e9cb9190>

Warning. Error encountered while saving cache 01296d8ce947e3bce1920e975761826c57703770/_carousel.scssc: can't dump anonymous class #<Class:0x007fb7e9cb9190>

Warning. Error encountered while saving cache 01296d8ce947e3bce1920e975761826c57703770/_utilities.scssc: can't dump anonymous class #<Class:0x007fb7e9cb9190>

Warning. Error encountered while saving cache 01296d8ce947e3bce1920e975761826c57703770/_responsive-utilities.scssc: can't dump anonymous class #<Class:0x007fb7e9cb9190>

Completed 200 OK in 4770ms (Views: 4768.8ms | ActiveRecord: 0.0ms)


Started GET "/assets/static_pages.css?body=1" for 136.152.142.64 at 2014-11-21 00:48:01 +0000


Started GET "/assets/custom.css?body=1" for 136.152.142.64 at 2014-11-21 00:48:01 +0000


Started GET "/assets/static_pages.js?body=1" for 136.152.142.64 at 2014-11-21 00:48:01 +0000


Started GET "/help" for 136.152.142.64 at 2014-11-21 00:48:12 +0000
Processing by StaticPagesController#help as HTML
  Rendered static_pages/help.html.erb within layouts/application (0.6ms)
Completed 200 OK in 238ms (Views: 236.8ms | ActiveRecord: 0.0ms)


Started GET "/" for 136.152.142.64 at 2014-11-21 00:48:18 +0000
Processing by StaticPagesController#home as HTML
  Rendered static_pages/home.html.erb within layouts/application (0.8ms)
Completed 200 OK in 126ms (Views: 125.2ms | ActiveRecord: 0.0ms)
  [1m[36mActiveRecord::SchemaMigration Load (0.2ms)[0m  [1mSELECT "schema_migrations".* FROM "schema_migrations"[0m
  [1m[35mActiveRecord::SchemaMigration Load (0.2ms)[0m  SELECT "schema_migrations".* FROM "schema_migrations"


Started GET "/" for 136.152.142.64 at 2014-11-21 01:37:39 +0000
  [1m[36mActiveRecord::SchemaMigration Load (0.2ms)[0m  [1mSELECT "schema_migrations".* FROM "schema_migrations"[0m
Processing by StaticPagesController#home as HTML
  Rendered static_pages/home.html.erb within layouts/application (2.8ms)
Completed 200 OK in 759ms (Views: 735.0ms | ActiveRecord: 0.0ms)


Started GET "/assets/static_pages.js?body=1" for 136.152.142.64 at 2014-11-21 01:37:40 +0000


Started GET "/assets/static_pages.css?body=1" for 136.152.142.64 at 2014-11-21 01:37:40 +0000


Started GET "/" for 136.152.142.64 at 2014-11-21 01:37:46 +0000
Processing by StaticPagesController#home as HTML
  Rendered static_pages/home.html.erb within layouts/application (0.1ms)
Completed 200 OK in 120ms (Views: 119.7ms | ActiveRecord: 0.0ms)


Started GET "/assets/static_pages.css?body=1" for 136.152.142.64 at 2014-11-21 01:37:46 +0000


Started GET "/assets/static_pages.js?body=1" for 136.152.142.64 at 2014-11-21 01:37:46 +0000


Started GET "/" for 136.152.142.64 at 2014-11-21 01:37:53 +0000
Processing by StaticPagesController#home as HTML
  Rendered static_pages/home.html.erb within layouts/application (0.0ms)
Completed 200 OK in 190ms (Views: 189.4ms | ActiveRecord: 0.0ms)


Started GET "/assets/custom.css?body=1" for 136.152.142.64 at 2014-11-21 01:37:54 +0000


Started GET "/assets/static_pages.css?body=1" for 136.152.142.64 at 2014-11-21 01:37:54 +0000


Started GET "/assets/static_pages.js?body=1" for 136.152.142.64 at 2014-11-21 01:37:54 +0000


Started GET "/" for 136.152.142.64 at 2014-11-21 01:37:59 +0000
Processing by StaticPagesController#home as HTML
  Rendered static_pages/home.html.erb within layouts/application (0.0ms)
Completed 200 OK in 135ms (Views: 134.4ms | ActiveRecord: 0.0ms)


Started GET "/assets/static_pages.css?body=1" for 136.152.142.64 at 2014-11-21 01:37:59 +0000


Started GET "/assets/static_pages.js?body=1" for 136.152.142.64 at 2014-11-21 01:37:59 +0000


Started GET "/" for 136.152.142.64 at 2014-11-21 01:38:08 +0000
Processing by StaticPagesController#home as HTML
  Rendered static_pages/home.html.erb within layouts/application (0.1ms)
Completed 200 OK in 122ms (Views: 121.7ms | ActiveRecord: 0.0ms)


Started GET "/assets/static_pages.css?body=1" for 136.152.142.64 at 2014-11-21 01:38:08 +0000


Started GET "/assets/static_pages.js?body=1" for 136.152.142.64 at 2014-11-21 01:38:08 +0000


Started GET "/users" for 136.152.142.64 at 2014-11-21 01:38:15 +0000
Processing by UsersController#index as HTML
  [1m[35mUser Load (0.3ms)[0m  SELECT "users".* FROM "users"
  Rendered users/index.html.erb within layouts/application (7.5ms)
Completed 200 OK in 143ms (Views: 139.8ms | ActiveRecord: 0.7ms)


Started GET "/assets/static_pages.css?body=1" for 136.152.142.64 at 2014-11-21 01:38:15 +0000


Started GET "/assets/static_pages.js?body=1" for 136.152.142.64 at 2014-11-21 01:38:15 +0000


Started GET "/users/new" for 136.152.142.64 at 2014-11-21 01:38:18 +0000
Processing by UsersController#new as HTML
  Rendered users/_form.html.erb (612.1ms)
  Rendered users/new.html.erb within layouts/application (652.2ms)
Completed 200 OK in 807ms (Views: 806.3ms | ActiveRecord: 0.0ms)


Started GET "/" for 136.152.142.64 at 2014-11-21 01:38:43 +0000
Processing by StaticPagesController#home as HTML
  Rendered static_pages/home.html.erb within layouts/application (0.9ms)
Completed 200 OK in 132ms (Views: 131.0ms | ActiveRecord: 0.0ms)


Started GET "/assets/static_pages.css?body=1" for 136.152.142.64 at 2014-11-21 01:38:43 +0000


Started GET "/assets/static_pages.js?body=1" for 136.152.142.64 at 2014-11-21 01:38:43 +0000


Started GET "/" for 136.152.142.64 at 2014-11-21 01:43:33 +0000
  [1m[36mActiveRecord::SchemaMigration Load (0.2ms)[0m  [1mSELECT "schema_migrations".* FROM "schema_migrations"[0m

ActiveRecord::PendingMigrationError (

Migrations are pending. To resolve this issue, run:

	bin/rake db:migrate RAILS_ENV=development

):
  activerecord (4.1.0) lib/active_record/migration.rb:389:in `check_pending!'
  activerecord (4.1.0) lib/active_record/migration.rb:377:in `call'
  actionpack (4.1.0) lib/action_dispatch/middleware/callbacks.rb:29:in `block in call'
  activesupport (4.1.0) lib/active_support/callbacks.rb:82:in `run_callbacks'
  actionpack (4.1.0) lib/action_dispatch/middleware/callbacks.rb:27:in `call'
  actionpack (4.1.0) lib/action_dispatch/middleware/reloader.rb:73:in `call'
  actionpack (4.1.0) lib/action_dispatch/middleware/remote_ip.rb:76:in `call'
  web-console (2.0.0.beta3) lib/action_dispatch/debug_exceptions.rb:18:in `middleware_call'
  web-console (2.0.0.beta3) lib/action_dispatch/debug_exceptions.rb:13:in `call'
  actionpack (4.1.0) lib/action_dispatch/middleware/show_exceptions.rb:30:in `call'
  railties (4.1.0) lib/rails/rack/logger.rb:38:in `call_app'
  railties (4.1.0) lib/rails/rack/logger.rb:20:in `block in call'
  activesupport (4.1.0) lib/active_support/tagged_logging.rb:68:in `block in tagged'
  activesupport (4.1.0) lib/active_support/tagged_logging.rb:26:in `tagged'
  activesupport (4.1.0) lib/active_support/tagged_logging.rb:68:in `tagged'
  railties (4.1.0) lib/rails/rack/logger.rb:20:in `call'
  actionpack (4.1.0) lib/action_dispatch/middleware/request_id.rb:21:in `call'
  rack (1.5.2) lib/rack/methodoverride.rb:21:in `call'
  rack (1.5.2) lib/rack/runtime.rb:17:in `call'
  activesupport (4.1.0) lib/active_support/cache/strategy/local_cache_middleware.rb:26:in `call'
  rack (1.5.2) lib/rack/lock.rb:17:in `call'
  actionpack (4.1.0) lib/action_dispatch/middleware/static.rb:64:in `call'
  rack (1.5.2) lib/rack/sendfile.rb:112:in `call'
  railties (4.1.0) lib/rails/engine.rb:514:in `call'
  railties (4.1.0) lib/rails/application.rb:144:in `call'
  rack (1.5.2) lib/rack/lock.rb:17:in `call'
  rack (1.5.2) lib/rack/content_length.rb:14:in `call'
  rack (1.5.2) lib/rack/handler/webrick.rb:60:in `service'
  /home/action/.parts/packages/ruby2.1/2.1.1/lib/ruby/2.1.0/webrick/httpserver.rb:138:in `service'
  /home/action/.parts/packages/ruby2.1/2.1.1/lib/ruby/2.1.0/webrick/httpserver.rb:94:in `run'
  /home/action/.parts/packages/ruby2.1/2.1.1/lib/ruby/2.1.0/webrick/server.rb:295:in `block in start_thread'


  Rendered /home/action/.gem/ruby/2.1.1/gems/web-console-2.0.0.beta3/lib/action_dispatch/templates/rescues/_source.erb (5.4ms)
  Rendered /home/action/.gem/ruby/2.1.1/gems/web-console-2.0.0.beta3/lib/action_dispatch/templates/rescues/_trace.html.erb (2.9ms)
  Rendered /home/action/.gem/ruby/2.1.1/gems/web-console-2.0.0.beta3/lib/action_dispatch/templates/rescues/_request_and_response.html.erb (1.1ms)
  Rendered /home/action/.gem/ruby/2.1.1/gems/web-console-2.0.0.beta3/lib/action_dispatch/templates/rescues/_web_console.html.erb (1.1ms)
  Rendered /home/action/.gem/ruby/2.1.1/gems/web-console-2.0.0.beta3/lib/action_dispatch/templates/rescues/diagnostics.html.erb within rescues/layout (63.1ms)


Started GET "/" for 136.152.142.64 at 2014-11-21 01:43:35 +0000
  [1m[35mActiveRecord::SchemaMigration Load (0.2ms)[0m  SELECT "schema_migrations".* FROM "schema_migrations"

ActiveRecord::PendingMigrationError (

Migrations are pending. To resolve this issue, run:

	bin/rake db:migrate RAILS_ENV=development

):
  activerecord (4.1.0) lib/active_record/migration.rb:389:in `check_pending!'
  activerecord (4.1.0) lib/active_record/migration.rb:377:in `call'
  actionpack (4.1.0) lib/action_dispatch/middleware/callbacks.rb:29:in `block in call'
  activesupport (4.1.0) lib/active_support/callbacks.rb:82:in `run_callbacks'
  actionpack (4.1.0) lib/action_dispatch/middleware/callbacks.rb:27:in `call'
  actionpack (4.1.0) lib/action_dispatch/middleware/reloader.rb:73:in `call'
  actionpack (4.1.0) lib/action_dispatch/middleware/remote_ip.rb:76:in `call'
  web-console (2.0.0.beta3) lib/action_dispatch/debug_exceptions.rb:18:in `middleware_call'
  web-console (2.0.0.beta3) lib/action_dispatch/debug_exceptions.rb:13:in `call'
  actionpack (4.1.0) lib/action_dispatch/middleware/show_exceptions.rb:30:in `call'
  railties (4.1.0) lib/rails/rack/logger.rb:38:in `call_app'
  railties (4.1.0) lib/rails/rack/logger.rb:20:in `block in call'
  activesupport (4.1.0) lib/active_support/tagged_logging.rb:68:in `block in tagged'
  activesupport (4.1.0) lib/active_support/tagged_logging.rb:26:in `tagged'
  activesupport (4.1.0) lib/active_support/tagged_logging.rb:68:in `tagged'
  railties (4.1.0) lib/rails/rack/logger.rb:20:in `call'
  actionpack (4.1.0) lib/action_dispatch/middleware/request_id.rb:21:in `call'
  rack (1.5.2) lib/rack/methodoverride.rb:21:in `call'
  rack (1.5.2) lib/rack/runtime.rb:17:in `call'
  activesupport (4.1.0) lib/active_support/cache/strategy/local_cache_middleware.rb:26:in `call'
  rack (1.5.2) lib/rack/lock.rb:17:in `call'
  actionpack (4.1.0) lib/action_dispatch/middleware/static.rb:64:in `call'
  rack (1.5.2) lib/rack/sendfile.rb:112:in `call'
  railties (4.1.0) lib/rails/engine.rb:514:in `call'
  railties (4.1.0) lib/rails/application.rb:144:in `call'
  rack (1.5.2) lib/rack/lock.rb:17:in `call'
  rack (1.5.2) lib/rack/content_length.rb:14:in `call'
  rack (1.5.2) lib/rack/handler/webrick.rb:60:in `service'
  /home/action/.parts/packages/ruby2.1/2.1.1/lib/ruby/2.1.0/webrick/httpserver.rb:138:in `service'
  /home/action/.parts/packages/ruby2.1/2.1.1/lib/ruby/2.1.0/webrick/httpserver.rb:94:in `run'
  /home/action/.parts/packages/ruby2.1/2.1.1/lib/ruby/2.1.0/webrick/server.rb:295:in `block in start_thread'


  Rendered /home/action/.gem/ruby/2.1.1/gems/web-console-2.0.0.beta3/lib/action_dispatch/templates/rescues/_source.erb (4.3ms)
  Rendered /home/action/.gem/ruby/2.1.1/gems/web-console-2.0.0.beta3/lib/action_dispatch/templates/rescues/_trace.html.erb (2.1ms)
  Rendered /home/action/.gem/ruby/2.1.1/gems/web-console-2.0.0.beta3/lib/action_dispatch/templates/rescues/_request_and_response.html.erb (0.9ms)
  Rendered /home/action/.gem/ruby/2.1.1/gems/web-console-2.0.0.beta3/lib/action_dispatch/templates/rescues/_web_console.html.erb (1.0ms)
  Rendered /home/action/.gem/ruby/2.1.1/gems/web-console-2.0.0.beta3/lib/action_dispatch/templates/rescues/diagnostics.html.erb within rescues/layout (33.6ms)


Started GET "/" for 136.152.142.64 at 2014-11-21 01:43:36 +0000
  [1m[36mActiveRecord::SchemaMigration Load (0.8ms)[0m  [1mSELECT "schema_migrations".* FROM "schema_migrations"[0m

ActiveRecord::PendingMigrationError (

Migrations are pending. To resolve this issue, run:

	bin/rake db:migrate RAILS_ENV=development

):
  activerecord (4.1.0) lib/active_record/migration.rb:389:in `check_pending!'
  activerecord (4.1.0) lib/active_record/migration.rb:377:in `call'
  actionpack (4.1.0) lib/action_dispatch/middleware/callbacks.rb:29:in `block in call'
  activesupport (4.1.0) lib/active_support/callbacks.rb:82:in `run_callbacks'
  actionpack (4.1.0) lib/action_dispatch/middleware/callbacks.rb:27:in `call'
  actionpack (4.1.0) lib/action_dispatch/middleware/reloader.rb:73:in `call'
  actionpack (4.1.0) lib/action_dispatch/middleware/remote_ip.rb:76:in `call'
  web-console (2.0.0.beta3) lib/action_dispatch/debug_exceptions.rb:18:in `middleware_call'
  web-console (2.0.0.beta3) lib/action_dispatch/debug_exceptions.rb:13:in `call'
  actionpack (4.1.0) lib/action_dispatch/middleware/show_exceptions.rb:30:in `call'
  railties (4.1.0) lib/rails/rack/logger.rb:38:in `call_app'
  railties (4.1.0) lib/rails/rack/logger.rb:20:in `block in call'
  activesupport (4.1.0) lib/active_support/tagged_logging.rb:68:in `block in tagged'
  activesupport (4.1.0) lib/active_support/tagged_logging.rb:26:in `tagged'
  activesupport (4.1.0) lib/active_support/tagged_logging.rb:68:in `tagged'
  railties (4.1.0) lib/rails/rack/logger.rb:20:in `call'
  actionpack (4.1.0) lib/action_dispatch/middleware/request_id.rb:21:in `call'
  rack (1.5.2) lib/rack/methodoverride.rb:21:in `call'
  rack (1.5.2) lib/rack/runtime.rb:17:in `call'
  activesupport (4.1.0) lib/active_support/cache/strategy/local_cache_middleware.rb:26:in `call'
  rack (1.5.2) lib/rack/lock.rb:17:in `call'
  actionpack (4.1.0) lib/action_dispatch/middleware/static.rb:64:in `call'
  rack (1.5.2) lib/rack/sendfile.rb:112:in `call'
  railties (4.1.0) lib/rails/engine.rb:514:in `call'
  railties (4.1.0) lib/rails/application.rb:144:in `call'
  rack (1.5.2) lib/rack/lock.rb:17:in `call'
  rack (1.5.2) lib/rack/content_length.rb:14:in `call'
  rack (1.5.2) lib/rack/handler/webrick.rb:60:in `service'
  /home/action/.parts/packages/ruby2.1/2.1.1/lib/ruby/2.1.0/webrick/httpserver.rb:138:in `service'
  /home/action/.parts/packages/ruby2.1/2.1.1/lib/ruby/2.1.0/webrick/httpserver.rb:94:in `run'
  /home/action/.parts/packages/ruby2.1/2.1.1/lib/ruby/2.1.0/webrick/server.rb:295:in `block in start_thread'


  Rendered /home/action/.gem/ruby/2.1.1/gems/web-console-2.0.0.beta3/lib/action_dispatch/templates/rescues/_source.erb (4.2ms)
  Rendered /home/action/.gem/ruby/2.1.1/gems/web-console-2.0.0.beta3/lib/action_dispatch/templates/rescues/_trace.html.erb (2.1ms)
  Rendered /home/action/.gem/ruby/2.1.1/gems/web-console-2.0.0.beta3/lib/action_dispatch/templates/rescues/_request_and_response.html.erb (1.0ms)
  Rendered /home/action/.gem/ruby/2.1.1/gems/web-console-2.0.0.beta3/lib/action_dispatch/templates/rescues/_web_console.html.erb (1.1ms)
  Rendered /home/action/.gem/ruby/2.1.1/gems/web-console-2.0.0.beta3/lib/action_dispatch/templates/rescues/diagnostics.html.erb within rescues/layout (34.4ms)


Started GET "/" for 136.152.142.64 at 2014-11-21 01:43:36 +0000
  [1m[35mActiveRecord::SchemaMigration Load (0.2ms)[0m  SELECT "schema_migrations".* FROM "schema_migrations"

ActiveRecord::PendingMigrationError (

Migrations are pending. To resolve this issue, run:

	bin/rake db:migrate RAILS_ENV=development

):
  activerecord (4.1.0) lib/active_record/migration.rb:389:in `check_pending!'
  activerecord (4.1.0) lib/active_record/migration.rb:377:in `call'
  actionpack (4.1.0) lib/action_dispatch/middleware/callbacks.rb:29:in `block in call'
  activesupport (4.1.0) lib/active_support/callbacks.rb:82:in `run_callbacks'
  actionpack (4.1.0) lib/action_dispatch/middleware/callbacks.rb:27:in `call'
  actionpack (4.1.0) lib/action_dispatch/middleware/reloader.rb:73:in `call'
  actionpack (4.1.0) lib/action_dispatch/middleware/remote_ip.rb:76:in `call'
  web-console (2.0.0.beta3) lib/action_dispatch/debug_exceptions.rb:18:in `middleware_call'
  web-console (2.0.0.beta3) lib/action_dispatch/debug_exceptions.rb:13:in `call'
  actionpack (4.1.0) lib/action_dispatch/middleware/show_exceptions.rb:30:in `call'
  railties (4.1.0) lib/rails/rack/logger.rb:38:in `call_app'
  railties (4.1.0) lib/rails/rack/logger.rb:20:in `block in call'
  activesupport (4.1.0) lib/active_support/tagged_logging.rb:68:in `block in tagged'
  activesupport (4.1.0) lib/active_support/tagged_logging.rb:26:in `tagged'
  activesupport (4.1.0) lib/active_support/tagged_logging.rb:68:in `tagged'
  railties (4.1.0) lib/rails/rack/logger.rb:20:in `call'
  actionpack (4.1.0) lib/action_dispatch/middleware/request_id.rb:21:in `call'
  rack (1.5.2) lib/rack/methodoverride.rb:21:in `call'
  rack (1.5.2) lib/rack/runtime.rb:17:in `call'
  activesupport (4.1.0) lib/active_support/cache/strategy/local_cache_middleware.rb:26:in `call'
  rack (1.5.2) lib/rack/lock.rb:17:in `call'
  actionpack (4.1.0) lib/action_dispatch/middleware/static.rb:64:in `call'
  rack (1.5.2) lib/rack/sendfile.rb:112:in `call'
  railties (4.1.0) lib/rails/engine.rb:514:in `call'
  railties (4.1.0) lib/rails/application.rb:144:in `call'
  rack (1.5.2) lib/rack/lock.rb:17:in `call'
  rack (1.5.2) lib/rack/content_length.rb:14:in `call'
  rack (1.5.2) lib/rack/handler/webrick.rb:60:in `service'
  /home/action/.parts/packages/ruby2.1/2.1.1/lib/ruby/2.1.0/webrick/httpserver.rb:138:in `service'
  /home/action/.parts/packages/ruby2.1/2.1.1/lib/ruby/2.1.0/webrick/httpserver.rb:94:in `run'
  /home/action/.parts/packages/ruby2.1/2.1.1/lib/ruby/2.1.0/webrick/server.rb:295:in `block in start_thread'


  Rendered /home/action/.gem/ruby/2.1.1/gems/web-console-2.0.0.beta3/lib/action_dispatch/templates/rescues/_source.erb (5.1ms)
  Rendered /home/action/.gem/ruby/2.1.1/gems/web-console-2.0.0.beta3/lib/action_dispatch/templates/rescues/_trace.html.erb (2.5ms)
  Rendered /home/action/.gem/ruby/2.1.1/gems/web-console-2.0.0.beta3/lib/action_dispatch/templates/rescues/_request_and_response.html.erb (1.1ms)
  Rendered /home/action/.gem/ruby/2.1.1/gems/web-console-2.0.0.beta3/lib/action_dispatch/templates/rescues/_web_console.html.erb (1.7ms)
  Rendered /home/action/.gem/ruby/2.1.1/gems/web-console-2.0.0.beta3/lib/action_dispatch/templates/rescues/diagnostics.html.erb within rescues/layout (35.9ms)


Started GET "/" for 136.152.142.64 at 2014-11-21 01:43:37 +0000
  [1m[36mActiveRecord::SchemaMigration Load (0.2ms)[0m  [1mSELECT "schema_migrations".* FROM "schema_migrations"[0m

ActiveRecord::PendingMigrationError (

Migrations are pending. To resolve this issue, run:

	bin/rake db:migrate RAILS_ENV=development

):
  activerecord (4.1.0) lib/active_record/migration.rb:389:in `check_pending!'
  activerecord (4.1.0) lib/active_record/migration.rb:377:in `call'
  actionpack (4.1.0) lib/action_dispatch/middleware/callbacks.rb:29:in `block in call'
  activesupport (4.1.0) lib/active_support/callbacks.rb:82:in `run_callbacks'
  actionpack (4.1.0) lib/action_dispatch/middleware/callbacks.rb:27:in `call'
  actionpack (4.1.0) lib/action_dispatch/middleware/reloader.rb:73:in `call'
  actionpack (4.1.0) lib/action_dispatch/middleware/remote_ip.rb:76:in `call'
  web-console (2.0.0.beta3) lib/action_dispatch/debug_exceptions.rb:18:in `middleware_call'
  web-console (2.0.0.beta3) lib/action_dispatch/debug_exceptions.rb:13:in `call'
  actionpack (4.1.0) lib/action_dispatch/middleware/show_exceptions.rb:30:in `call'
  railties (4.1.0) lib/rails/rack/logger.rb:38:in `call_app'
  railties (4.1.0) lib/rails/rack/logger.rb:20:in `block in call'
  activesupport (4.1.0) lib/active_support/tagged_logging.rb:68:in `block in tagged'
  activesupport (4.1.0) lib/active_support/tagged_logging.rb:26:in `tagged'
  activesupport (4.1.0) lib/active_support/tagged_logging.rb:68:in `tagged'
  railties (4.1.0) lib/rails/rack/logger.rb:20:in `call'
  actionpack (4.1.0) lib/action_dispatch/middleware/request_id.rb:21:in `call'
  rack (1.5.2) lib/rack/methodoverride.rb:21:in `call'
  rack (1.5.2) lib/rack/runtime.rb:17:in `call'
  activesupport (4.1.0) lib/active_support/cache/strategy/local_cache_middleware.rb:26:in `call'
  rack (1.5.2) lib/rack/lock.rb:17:in `call'
  actionpack (4.1.0) lib/action_dispatch/middleware/static.rb:64:in `call'
  rack (1.5.2) lib/rack/sendfile.rb:112:in `call'
  railties (4.1.0) lib/rails/engine.rb:514:in `call'
  railties (4.1.0) lib/rails/application.rb:144:in `call'
  rack (1.5.2) lib/rack/lock.rb:17:in `call'
  rack (1.5.2) lib/rack/content_length.rb:14:in `call'
  rack (1.5.2) lib/rack/handler/webrick.rb:60:in `service'
  /home/action/.parts/packages/ruby2.1/2.1.1/lib/ruby/2.1.0/webrick/httpserver.rb:138:in `service'
  /home/action/.parts/packages/ruby2.1/2.1.1/lib/ruby/2.1.0/webrick/httpserver.rb:94:in `run'
  /home/action/.parts/packages/ruby2.1/2.1.1/lib/ruby/2.1.0/webrick/server.rb:295:in `block in start_thread'


  Rendered /home/action/.gem/ruby/2.1.1/gems/web-console-2.0.0.beta3/lib/action_dispatch/templates/rescues/_source.erb (4.8ms)
  Rendered /home/action/.gem/ruby/2.1.1/gems/web-console-2.0.0.beta3/lib/action_dispatch/templates/rescues/_trace.html.erb (2.5ms)
  Rendered /home/action/.gem/ruby/2.1.1/gems/web-console-2.0.0.beta3/lib/action_dispatch/templates/rescues/_request_and_response.html.erb (1.1ms)
  Rendered /home/action/.gem/ruby/2.1.1/gems/web-console-2.0.0.beta3/lib/action_dispatch/templates/rescues/_web_console.html.erb (1.1ms)
  Rendered /home/action/.gem/ruby/2.1.1/gems/web-console-2.0.0.beta3/lib/action_dispatch/templates/rescues/diagnostics.html.erb within rescues/layout (35.0ms)


Started GET "/" for 136.152.142.64 at 2014-11-21 01:43:38 +0000

ActiveRecord::ConnectionTimeoutError (could not obtain a database connection within 5.000 seconds (waited 5.000 seconds)):
  activerecord (4.1.0) lib/active_record/connection_adapters/abstract/connection_pool.rb:190:in `block in wait_poll'
  activerecord (4.1.0) lib/active_record/connection_adapters/abstract/connection_pool.rb:181:in `loop'
  activerecord (4.1.0) lib/active_record/connection_adapters/abstract/connection_pool.rb:181:in `wait_poll'
  activerecord (4.1.0) lib/active_record/connection_adapters/abstract/connection_pool.rb:136:in `block in poll'
  /home/action/.parts/packages/ruby2.1/2.1.1/lib/ruby/2.1.0/monitor.rb:211:in `mon_synchronize'
  activerecord (4.1.0) lib/active_record/connection_adapters/abstract/connection_pool.rb:146:in `synchronize'
  activerecord (4.1.0) lib/active_record/connection_adapters/abstract/connection_pool.rb:134:in `poll'
  activerecord (4.1.0) lib/active_record/connection_adapters/abstract/connection_pool.rb:418:in `acquire_connection'
  activerecord (4.1.0) lib/active_record/connection_adapters/abstract/connection_pool.rb:351:in `block in checkout'
  /home/action/.parts/packages/ruby2.1/2.1.1/lib/ruby/2.1.0/monitor.rb:211:in `mon_synchronize'
  activerecord (4.1.0) lib/active_record/connection_adapters/abstract/connection_pool.rb:350:in `checkout'
  activerecord (4.1.0) lib/active_record/connection_adapters/abstract/connection_pool.rb:265:in `block in connection'
  /home/action/.parts/packages/ruby2.1/2.1.1/lib/ruby/2.1.0/monitor.rb:211:in `mon_synchronize'
  activerecord (4.1.0) lib/active_record/connection_adapters/abstract/connection_pool.rb:264:in `connection'
  activerecord (4.1.0) lib/active_record/connection_adapters/abstract/connection_pool.rb:541:in `retrieve_connection'
  activerecord (4.1.0) lib/active_record/connection_handling.rb:113:in `retrieve_connection'
  activerecord (4.1.0) lib/active_record/connection_handling.rb:87:in `connection'
  activerecord (4.1.0) lib/active_record/migration.rb:388:in `check_pending!'
  activerecord (4.1.0) lib/active_record/migration.rb:377:in `call'
  actionpack (4.1.0) lib/action_dispatch/middleware/callbacks.rb:29:in `block in call'
  activesupport (4.1.0) lib/active_support/callbacks.rb:82:in `run_callbacks'
  actionpack (4.1.0) lib/action_dispatch/middleware/callbacks.rb:27:in `call'
  actionpack (4.1.0) lib/action_dispatch/middleware/reloader.rb:73:in `call'
  actionpack (4.1.0) lib/action_dispatch/middleware/remote_ip.rb:76:in `call'
  web-console (2.0.0.beta3) lib/action_dispatch/debug_exceptions.rb:18:in `middleware_call'
  web-console (2.0.0.beta3) lib/action_dispatch/debug_exceptions.rb:13:in `call'
  actionpack (4.1.0) lib/action_dispatch/middleware/show_exceptions.rb:30:in `call'
  railties (4.1.0) lib/rails/rack/logger.rb:38:in `call_app'
  railties (4.1.0) lib/rails/rack/logger.rb:20:in `block in call'
  activesupport (4.1.0) lib/active_support/tagged_logging.rb:68:in `block in tagged'
  activesupport (4.1.0) lib/active_support/tagged_logging.rb:26:in `tagged'
  activesupport (4.1.0) lib/active_support/tagged_logging.rb:68:in `tagged'
  railties (4.1.0) lib/rails/rack/logger.rb:20:in `call'
  actionpack (4.1.0) lib/action_dispatch/middleware/request_id.rb:21:in `call'
  rack (1.5.2) lib/rack/methodoverride.rb:21:in `call'
  rack (1.5.2) lib/rack/runtime.rb:17:in `call'
  activesupport (4.1.0) lib/active_support/cache/strategy/local_cache_middleware.rb:26:in `call'
  rack (1.5.2) lib/rack/lock.rb:17:in `call'
  actionpack (4.1.0) lib/action_dispatch/middleware/static.rb:64:in `call'
  rack (1.5.2) lib/rack/sendfile.rb:112:in `call'
  railties (4.1.0) lib/rails/engine.rb:514:in `call'
  railties (4.1.0) lib/rails/application.rb:144:in `call'
  rack (1.5.2) lib/rack/lock.rb:17:in `call'
  rack (1.5.2) lib/rack/content_length.rb:14:in `call'
  rack (1.5.2) lib/rack/handler/webrick.rb:60:in `service'
  /home/action/.parts/packages/ruby2.1/2.1.1/lib/ruby/2.1.0/webrick/httpserver.rb:138:in `service'
  /home/action/.parts/packages/ruby2.1/2.1.1/lib/ruby/2.1.0/webrick/httpserver.rb:94:in `run'
  /home/action/.parts/packages/ruby2.1/2.1.1/lib/ruby/2.1.0/webrick/server.rb:295:in `block in start_thread'


  Rendered /home/action/.gem/ruby/2.1.1/gems/web-console-2.0.0.beta3/lib/action_dispatch/templates/rescues/_source.erb (7.1ms)
  Rendered /home/action/.gem/ruby/2.1.1/gems/web-console-2.0.0.beta3/lib/action_dispatch/templates/rescues/_trace.html.erb (3.3ms)
  Rendered /home/action/.gem/ruby/2.1.1/gems/web-console-2.0.0.beta3/lib/action_dispatch/templates/rescues/_request_and_response.html.erb (1.1ms)
  Rendered /home/action/.gem/ruby/2.1.1/gems/web-console-2.0.0.beta3/lib/action_dispatch/templates/rescues/_web_console.html.erb (1.1ms)
  Rendered /home/action/.gem/ruby/2.1.1/gems/web-console-2.0.0.beta3/lib/action_dispatch/templates/rescues/diagnostics.html.erb within rescues/layout (38.2ms)


Started GET "/" for 136.152.142.64 at 2014-11-21 01:43:43 +0000

ActiveRecord::ConnectionTimeoutError (could not obtain a database connection within 5.000 seconds (waited 5.000 seconds)):
  activerecord (4.1.0) lib/active_record/connection_adapters/abstract/connection_pool.rb:190:in `block in wait_poll'
  activerecord (4.1.0) lib/active_record/connection_adapters/abstract/connection_pool.rb:181:in `loop'
  activerecord (4.1.0) lib/active_record/connection_adapters/abstract/connection_pool.rb:181:in `wait_poll'
  activerecord (4.1.0) lib/active_record/connection_adapters/abstract/connection_pool.rb:136:in `block in poll'
  /home/action/.parts/packages/ruby2.1/2.1.1/lib/ruby/2.1.0/monitor.rb:211:in `mon_synchronize'
  activerecord (4.1.0) lib/active_record/connection_adapters/abstract/connection_pool.rb:146:in `synchronize'
  activerecord (4.1.0) lib/active_record/connection_adapters/abstract/connection_pool.rb:134:in `poll'
  activerecord (4.1.0) lib/active_record/connection_adapters/abstract/connection_pool.rb:418:in `acquire_connection'
  activerecord (4.1.0) lib/active_record/connection_adapters/abstract/connection_pool.rb:351:in `block in checkout'
  /home/action/.parts/packages/ruby2.1/2.1.1/lib/ruby/2.1.0/monitor.rb:211:in `mon_synchronize'
  activerecord (4.1.0) lib/active_record/connection_adapters/abstract/connection_pool.rb:350:in `checkout'
  activerecord (4.1.0) lib/active_record/connection_adapters/abstract/connection_pool.rb:265:in `block in connection'
  /home/action/.parts/packages/ruby2.1/2.1.1/lib/ruby/2.1.0/monitor.rb:211:in `mon_synchronize'
  activerecord (4.1.0) lib/active_record/connection_adapters/abstract/connection_pool.rb:264:in `connection'
  activerecord (4.1.0) lib/active_record/connection_adapters/abstract/connection_pool.rb:541:in `retrieve_connection'
  activerecord (4.1.0) lib/active_record/connection_handling.rb:113:in `retrieve_connection'
  activerecord (4.1.0) lib/active_record/connection_handling.rb:87:in `connection'
  activerecord (4.1.0) lib/active_record/migration.rb:388:in `check_pending!'
  activerecord (4.1.0) lib/active_record/migration.rb:377:in `call'
  actionpack (4.1.0) lib/action_dispatch/middleware/callbacks.rb:29:in `block in call'
  activesupport (4.1.0) lib/active_support/callbacks.rb:82:in `run_callbacks'
  actionpack (4.1.0) lib/action_dispatch/middleware/callbacks.rb:27:in `call'
  actionpack (4.1.0) lib/action_dispatch/middleware/reloader.rb:73:in `call'
  actionpack (4.1.0) lib/action_dispatch/middleware/remote_ip.rb:76:in `call'
  web-console (2.0.0.beta3) lib/action_dispatch/debug_exceptions.rb:18:in `middleware_call'
  web-console (2.0.0.beta3) lib/action_dispatch/debug_exceptions.rb:13:in `call'
  actionpack (4.1.0) lib/action_dispatch/middleware/show_exceptions.rb:30:in `call'
  railties (4.1.0) lib/rails/rack/logger.rb:38:in `call_app'
  railties (4.1.0) lib/rails/rack/logger.rb:20:in `block in call'
  activesupport (4.1.0) lib/active_support/tagged_logging.rb:68:in `block in tagged'
  activesupport (4.1.0) lib/active_support/tagged_logging.rb:26:in `tagged'
  activesupport (4.1.0) lib/active_support/tagged_logging.rb:68:in `tagged'
  railties (4.1.0) lib/rails/rack/logger.rb:20:in `call'
  actionpack (4.1.0) lib/action_dispatch/middleware/request_id.rb:21:in `call'
  rack (1.5.2) lib/rack/methodoverride.rb:21:in `call'
  rack (1.5.2) lib/rack/runtime.rb:17:in `call'
  activesupport (4.1.0) lib/active_support/cache/strategy/local_cache_middleware.rb:26:in `call'
  rack (1.5.2) lib/rack/lock.rb:17:in `call'
  actionpack (4.1.0) lib/action_dispatch/middleware/static.rb:64:in `call'
  rack (1.5.2) lib/rack/sendfile.rb:112:in `call'
  railties (4.1.0) lib/rails/engine.rb:514:in `call'
  railties (4.1.0) lib/rails/application.rb:144:in `call'
  rack (1.5.2) lib/rack/lock.rb:17:in `call'
  rack (1.5.2) lib/rack/content_length.rb:14:in `call'
  rack (1.5.2) lib/rack/handler/webrick.rb:60:in `service'
  /home/action/.parts/packages/ruby2.1/2.1.1/lib/ruby/2.1.0/webrick/httpserver.rb:138:in `service'
  /home/action/.parts/packages/ruby2.1/2.1.1/lib/ruby/2.1.0/webrick/httpserver.rb:94:in `run'
  /home/action/.parts/packages/ruby2.1/2.1.1/lib/ruby/2.1.0/webrick/server.rb:295:in `block in start_thread'


  Rendered /home/action/.gem/ruby/2.1.1/gems/web-console-2.0.0.beta3/lib/action_dispatch/templates/rescues/_source.erb (7.6ms)
  Rendered /home/action/.gem/ruby/2.1.1/gems/web-console-2.0.0.beta3/lib/action_dispatch/templates/rescues/_trace.html.erb (3.3ms)
  Rendered /home/action/.gem/ruby/2.1.1/gems/web-console-2.0.0.beta3/lib/action_dispatch/templates/rescues/_request_and_response.html.erb (1.1ms)
  Rendered /home/action/.gem/ruby/2.1.1/gems/web-console-2.0.0.beta3/lib/action_dispatch/templates/rescues/_web_console.html.erb (1.1ms)
  Rendered /home/action/.gem/ruby/2.1.1/gems/web-console-2.0.0.beta3/lib/action_dispatch/templates/rescues/diagnostics.html.erb within rescues/layout (39.1ms)


Started GET "/" for 136.152.142.64 at 2014-11-21 01:43:48 +0000

ActiveRecord::ConnectionTimeoutError (could not obtain a database connection within 5.000 seconds (waited 5.000 seconds)):
  activerecord (4.1.0) lib/active_record/connection_adapters/abstract/connection_pool.rb:190:in `block in wait_poll'
  activerecord (4.1.0) lib/active_record/connection_adapters/abstract/connection_pool.rb:181:in `loop'
  activerecord (4.1.0) lib/active_record/connection_adapters/abstract/connection_pool.rb:181:in `wait_poll'
  activerecord (4.1.0) lib/active_record/connection_adapters/abstract/connection_pool.rb:136:in `block in poll'
  /home/action/.parts/packages/ruby2.1/2.1.1/lib/ruby/2.1.0/monitor.rb:211:in `mon_synchronize'
  activerecord (4.1.0) lib/active_record/connection_adapters/abstract/connection_pool.rb:146:in `synchronize'
  activerecord (4.1.0) lib/active_record/connection_adapters/abstract/connection_pool.rb:134:in `poll'
  activerecord (4.1.0) lib/active_record/connection_adapters/abstract/connection_pool.rb:418:in `acquire_connection'
  activerecord (4.1.0) lib/active_record/connection_adapters/abstract/connection_pool.rb:351:in `block in checkout'
  /home/action/.parts/packages/ruby2.1/2.1.1/lib/ruby/2.1.0/monitor.rb:211:in `mon_synchronize'
  activerecord (4.1.0) lib/active_record/connection_adapters/abstract/connection_pool.rb:350:in `checkout'
  activerecord (4.1.0) lib/active_record/connection_adapters/abstract/connection_pool.rb:265:in `block in connection'
  /home/action/.parts/packages/ruby2.1/2.1.1/lib/ruby/2.1.0/monitor.rb:211:in `mon_synchronize'
  activerecord (4.1.0) lib/active_record/connection_adapters/abstract/connection_pool.rb:264:in `connection'
  activerecord (4.1.0) lib/active_record/connection_adapters/abstract/connection_pool.rb:541:in `retrieve_connection'
  activerecord (4.1.0) lib/active_record/connection_handling.rb:113:in `retrieve_connection'
  activerecord (4.1.0) lib/active_record/connection_handling.rb:87:in `connection'
  activerecord (4.1.0) lib/active_record/migration.rb:388:in `check_pending!'
  activerecord (4.1.0) lib/active_record/migration.rb:377:in `call'
  actionpack (4.1.0) lib/action_dispatch/middleware/callbacks.rb:29:in `block in call'
  activesupport (4.1.0) lib/active_support/callbacks.rb:82:in `run_callbacks'
  actionpack (4.1.0) lib/action_dispatch/middleware/callbacks.rb:27:in `call'
  actionpack (4.1.0) lib/action_dispatch/middleware/reloader.rb:73:in `call'
  actionpack (4.1.0) lib/action_dispatch/middleware/remote_ip.rb:76:in `call'
  web-console (2.0.0.beta3) lib/action_dispatch/debug_exceptions.rb:18:in `middleware_call'
  web-console (2.0.0.beta3) lib/action_dispatch/debug_exceptions.rb:13:in `call'
  actionpack (4.1.0) lib/action_dispatch/middleware/show_exceptions.rb:30:in `call'
  railties (4.1.0) lib/rails/rack/logger.rb:38:in `call_app'
  railties (4.1.0) lib/rails/rack/logger.rb:20:in `block in call'
  activesupport (4.1.0) lib/active_support/tagged_logging.rb:68:in `block in tagged'
  activesupport (4.1.0) lib/active_support/tagged_logging.rb:26:in `tagged'
  activesupport (4.1.0) lib/active_support/tagged_logging.rb:68:in `tagged'
  railties (4.1.0) lib/rails/rack/logger.rb:20:in `call'
  actionpack (4.1.0) lib/action_dispatch/middleware/request_id.rb:21:in `call'
  rack (1.5.2) lib/rack/methodoverride.rb:21:in `call'
  rack (1.5.2) lib/rack/runtime.rb:17:in `call'
  activesupport (4.1.0) lib/active_support/cache/strategy/local_cache_middleware.rb:26:in `call'
  rack (1.5.2) lib/rack/lock.rb:17:in `call'
  actionpack (4.1.0) lib/action_dispatch/middleware/static.rb:64:in `call'
  rack (1.5.2) lib/rack/sendfile.rb:112:in `call'
  railties (4.1.0) lib/rails/engine.rb:514:in `call'
  railties (4.1.0) lib/rails/application.rb:144:in `call'
  rack (1.5.2) lib/rack/lock.rb:17:in `call'
  rack (1.5.2) lib/rack/content_length.rb:14:in `call'
  rack (1.5.2) lib/rack/handler/webrick.rb:60:in `service'
  /home/action/.parts/packages/ruby2.1/2.1.1/lib/ruby/2.1.0/webrick/httpserver.rb:138:in `service'
  /home/action/.parts/packages/ruby2.1/2.1.1/lib/ruby/2.1.0/webrick/httpserver.rb:94:in `run'
  /home/action/.parts/packages/ruby2.1/2.1.1/lib/ruby/2.1.0/webrick/server.rb:295:in `block in start_thread'


  Rendered /home/action/.gem/ruby/2.1.1/gems/web-console-2.0.0.beta3/lib/action_dispatch/templates/rescues/_source.erb (7.1ms)
  Rendered /home/action/.gem/ruby/2.1.1/gems/web-console-2.0.0.beta3/lib/action_dispatch/templates/rescues/_trace.html.erb (3.2ms)
  Rendered /home/action/.gem/ruby/2.1.1/gems/web-console-2.0.0.beta3/lib/action_dispatch/templates/rescues/_request_and_response.html.erb (1.1ms)
  Rendered /home/action/.gem/ruby/2.1.1/gems/web-console-2.0.0.beta3/lib/action_dispatch/templates/rescues/_web_console.html.erb (1.1ms)
  Rendered /home/action/.gem/ruby/2.1.1/gems/web-console-2.0.0.beta3/lib/action_dispatch/templates/rescues/diagnostics.html.erb within rescues/layout (38.3ms)


Started GET "/" for 136.152.142.64 at 2014-11-21 01:44:01 +0000

ActiveRecord::ConnectionTimeoutError (could not obtain a database connection within 5.000 seconds (waited 5.000 seconds)):
  activerecord (4.1.0) lib/active_record/connection_adapters/abstract/connection_pool.rb:190:in `block in wait_poll'
  activerecord (4.1.0) lib/active_record/connection_adapters/abstract/connection_pool.rb:181:in `loop'
  activerecord (4.1.0) lib/active_record/connection_adapters/abstract/connection_pool.rb:181:in `wait_poll'
  activerecord (4.1.0) lib/active_record/connection_adapters/abstract/connection_pool.rb:136:in `block in poll'
  /home/action/.parts/packages/ruby2.1/2.1.1/lib/ruby/2.1.0/monitor.rb:211:in `mon_synchronize'
  activerecord (4.1.0) lib/active_record/connection_adapters/abstract/connection_pool.rb:146:in `synchronize'
  activerecord (4.1.0) lib/active_record/connection_adapters/abstract/connection_pool.rb:134:in `poll'
  activerecord (4.1.0) lib/active_record/connection_adapters/abstract/connection_pool.rb:418:in `acquire_connection'
  activerecord (4.1.0) lib/active_record/connection_adapters/abstract/connection_pool.rb:351:in `block in checkout'
  /home/action/.parts/packages/ruby2.1/2.1.1/lib/ruby/2.1.0/monitor.rb:211:in `mon_synchronize'
  activerecord (4.1.0) lib/active_record/connection_adapters/abstract/connection_pool.rb:350:in `checkout'
  activerecord (4.1.0) lib/active_record/connection_adapters/abstract/connection_pool.rb:265:in `block in connection'
  /home/action/.parts/packages/ruby2.1/2.1.1/lib/ruby/2.1.0/monitor.rb:211:in `mon_synchronize'
  activerecord (4.1.0) lib/active_record/connection_adapters/abstract/connection_pool.rb:264:in `connection'
  activerecord (4.1.0) lib/active_record/connection_adapters/abstract/connection_pool.rb:541:in `retrieve_connection'
  activerecord (4.1.0) lib/active_record/connection_handling.rb:113:in `retrieve_connection'
  activerecord (4.1.0) lib/active_record/connection_handling.rb:87:in `connection'
  activerecord (4.1.0) lib/active_record/migration.rb:388:in `check_pending!'
  activerecord (4.1.0) lib/active_record/migration.rb:377:in `call'
  actionpack (4.1.0) lib/action_dispatch/middleware/callbacks.rb:29:in `block in call'
  activesupport (4.1.0) lib/active_support/callbacks.rb:82:in `run_callbacks'
  actionpack (4.1.0) lib/action_dispatch/middleware/callbacks.rb:27:in `call'
  actionpack (4.1.0) lib/action_dispatch/middleware/reloader.rb:73:in `call'
  actionpack (4.1.0) lib/action_dispatch/middleware/remote_ip.rb:76:in `call'
  web-console (2.0.0.beta3) lib/action_dispatch/debug_exceptions.rb:18:in `middleware_call'
  web-console (2.0.0.beta3) lib/action_dispatch/debug_exceptions.rb:13:in `call'
  actionpack (4.1.0) lib/action_dispatch/middleware/show_exceptions.rb:30:in `call'
  railties (4.1.0) lib/rails/rack/logger.rb:38:in `call_app'
  railties (4.1.0) lib/rails/rack/logger.rb:20:in `block in call'
  activesupport (4.1.0) lib/active_support/tagged_logging.rb:68:in `block in tagged'
  activesupport (4.1.0) lib/active_support/tagged_logging.rb:26:in `tagged'
  activesupport (4.1.0) lib/active_support/tagged_logging.rb:68:in `tagged'
  railties (4.1.0) lib/rails/rack/logger.rb:20:in `call'
  actionpack (4.1.0) lib/action_dispatch/middleware/request_id.rb:21:in `call'
  rack (1.5.2) lib/rack/methodoverride.rb:21:in `call'
  rack (1.5.2) lib/rack/runtime.rb:17:in `call'
  activesupport (4.1.0) lib/active_support/cache/strategy/local_cache_middleware.rb:26:in `call'
  rack (1.5.2) lib/rack/lock.rb:17:in `call'
  actionpack (4.1.0) lib/action_dispatch/middleware/static.rb:64:in `call'
  rack (1.5.2) lib/rack/sendfile.rb:112:in `call'
  railties (4.1.0) lib/rails/engine.rb:514:in `call'
  railties (4.1.0) lib/rails/application.rb:144:in `call'
  rack (1.5.2) lib/rack/lock.rb:17:in `call'
  rack (1.5.2) lib/rack/content_length.rb:14:in `call'
  rack (1.5.2) lib/rack/handler/webrick.rb:60:in `service'
  /home/action/.parts/packages/ruby2.1/2.1.1/lib/ruby/2.1.0/webrick/httpserver.rb:138:in `service'
  /home/action/.parts/packages/ruby2.1/2.1.1/lib/ruby/2.1.0/webrick/httpserver.rb:94:in `run'
  /home/action/.parts/packages/ruby2.1/2.1.1/lib/ruby/2.1.0/webrick/server.rb:295:in `block in start_thread'


  Rendered /home/action/.gem/ruby/2.1.1/gems/web-console-2.0.0.beta3/lib/action_dispatch/templates/rescues/_source.erb (5.8ms)
  Rendered /home/action/.gem/ruby/2.1.1/gems/web-console-2.0.0.beta3/lib/action_dispatch/templates/rescues/_trace.html.erb (2.6ms)
  Rendered /home/action/.gem/ruby/2.1.1/gems/web-console-2.0.0.beta3/lib/action_dispatch/templates/rescues/_request_and_response.html.erb (0.9ms)
  Rendered /home/action/.gem/ruby/2.1.1/gems/web-console-2.0.0.beta3/lib/action_dispatch/templates/rescues/_web_console.html.erb (0.9ms)
  Rendered /home/action/.gem/ruby/2.1.1/gems/web-console-2.0.0.beta3/lib/action_dispatch/templates/rescues/diagnostics.html.erb within rescues/layout (35.2ms)


Started GET "/" for 136.152.142.64 at 2014-11-21 01:44:49 +0000
  [1m[36mActiveRecord::SchemaMigration Load (0.2ms)[0m  [1mSELECT "schema_migrations".* FROM "schema_migrations"[0m

ActiveRecord::PendingMigrationError (

Migrations are pending. To resolve this issue, run:

	bin/rake db:migrate RAILS_ENV=development

):
  activerecord (4.1.0) lib/active_record/migration.rb:389:in `check_pending!'
  activerecord (4.1.0) lib/active_record/migration.rb:377:in `call'
  actionpack (4.1.0) lib/action_dispatch/middleware/callbacks.rb:29:in `block in call'
  activesupport (4.1.0) lib/active_support/callbacks.rb:82:in `run_callbacks'
  actionpack (4.1.0) lib/action_dispatch/middleware/callbacks.rb:27:in `call'
  actionpack (4.1.0) lib/action_dispatch/middleware/reloader.rb:73:in `call'
  actionpack (4.1.0) lib/action_dispatch/middleware/remote_ip.rb:76:in `call'
  web-console (2.0.0.beta3) lib/action_dispatch/debug_exceptions.rb:18:in `middleware_call'
  web-console (2.0.0.beta3) lib/action_dispatch/debug_exceptions.rb:13:in `call'
  actionpack (4.1.0) lib/action_dispatch/middleware/show_exceptions.rb:30:in `call'
  railties (4.1.0) lib/rails/rack/logger.rb:38:in `call_app'
  railties (4.1.0) lib/rails/rack/logger.rb:20:in `block in call'
  activesupport (4.1.0) lib/active_support/tagged_logging.rb:68:in `block in tagged'
  activesupport (4.1.0) lib/active_support/tagged_logging.rb:26:in `tagged'
  activesupport (4.1.0) lib/active_support/tagged_logging.rb:68:in `tagged'
  railties (4.1.0) lib/rails/rack/logger.rb:20:in `call'
  actionpack (4.1.0) lib/action_dispatch/middleware/request_id.rb:21:in `call'
  rack (1.5.2) lib/rack/methodoverride.rb:21:in `call'
  rack (1.5.2) lib/rack/runtime.rb:17:in `call'
  activesupport (4.1.0) lib/active_support/cache/strategy/local_cache_middleware.rb:26:in `call'
  rack (1.5.2) lib/rack/lock.rb:17:in `call'
  actionpack (4.1.0) lib/action_dispatch/middleware/static.rb:64:in `call'
  rack (1.5.2) lib/rack/sendfile.rb:112:in `call'
  railties (4.1.0) lib/rails/engine.rb:514:in `call'
  railties (4.1.0) lib/rails/application.rb:144:in `call'
  rack (1.5.2) lib/rack/lock.rb:17:in `call'
  rack (1.5.2) lib/rack/content_length.rb:14:in `call'
  rack (1.5.2) lib/rack/handler/webrick.rb:60:in `service'
  /home/action/.parts/packages/ruby2.1/2.1.1/lib/ruby/2.1.0/webrick/httpserver.rb:138:in `service'
  /home/action/.parts/packages/ruby2.1/2.1.1/lib/ruby/2.1.0/webrick/httpserver.rb:94:in `run'
  /home/action/.parts/packages/ruby2.1/2.1.1/lib/ruby/2.1.0/webrick/server.rb:295:in `block in start_thread'


  Rendered /home/action/.gem/ruby/2.1.1/gems/web-console-2.0.0.beta3/lib/action_dispatch/templates/rescues/_source.erb (4.9ms)
  Rendered /home/action/.gem/ruby/2.1.1/gems/web-console-2.0.0.beta3/lib/action_dispatch/templates/rescues/_trace.html.erb (2.3ms)
  Rendered /home/action/.gem/ruby/2.1.1/gems/web-console-2.0.0.beta3/lib/action_dispatch/templates/rescues/_request_and_response.html.erb (1.0ms)
  Rendered /home/action/.gem/ruby/2.1.1/gems/web-console-2.0.0.beta3/lib/action_dispatch/templates/rescues/_web_console.html.erb (1.0ms)
  Rendered /home/action/.gem/ruby/2.1.1/gems/web-console-2.0.0.beta3/lib/action_dispatch/templates/rescues/diagnostics.html.erb within rescues/layout (37.1ms)
  [1m[36mActiveRecord::SchemaMigration Load (0.2ms)[0m  [1mSELECT "schema_migrations".* FROM "schema_migrations"[0m
Migrating to CreateTweets (20141121014131)
  [1m[35m (0.1ms)[0m  begin transaction
  [1m[36m (0.6ms)[0m  [1mCREATE TABLE "tweets" ("id" INTEGER PRIMARY KEY AUTOINCREMENT NOT NULL, "status" varchar(255), "user_id" integer, "created_at" datetime, "updated_at" datetime) [0m
  [1m[35mSQL (0.2ms)[0m  INSERT INTO "schema_migrations" ("version") VALUES (?)  [["version", "20141121014131"]]
  [1m[36m (54.7ms)[0m  [1mcommit transaction[0m
  [1m[35mActiveRecord::SchemaMigration Load (0.2ms)[0m  SELECT "schema_migrations".* FROM "schema_migrations"


Started GET "/" for 136.152.142.64 at 2014-11-21 01:45:56 +0000
  [1m[36mActiveRecord::SchemaMigration Load (0.2ms)[0m  [1mSELECT "schema_migrations".* FROM "schema_migrations"[0m
Processing by StaticPagesController#home as HTML
  Rendered static_pages/home.html.erb within layouts/application (4.0ms)
Warning. Error encountered while saving cache 056b6bc390c2b4e5d14787a1889765f6ead5d728/tweets.css.scssc: can't dump anonymous class #<Class:0x007f456c7b0508>

Completed 200 OK in 1435ms (Views: 1410.1ms | ActiveRecord: 0.0ms)


Started GET "/assets/tweets.css?body=1" for 136.152.142.64 at 2014-11-21 01:45:58 +0000


Started GET "/assets/custom.css?body=1" for 136.152.142.64 at 2014-11-21 01:45:58 +0000


Started GET "/assets/static_pages.css?body=1" for 136.152.142.64 at 2014-11-21 01:45:58 +0000


Started GET "/assets/tweets.js?body=1" for 136.152.142.64 at 2014-11-21 01:45:58 +0000


Started GET "/assets/static_pages.js?body=1" for 136.152.142.64 at 2014-11-21 01:45:58 +0000


Started GET "/tweets" for 136.152.142.64 at 2014-11-21 01:46:16 +0000
Processing by TweetsController#index as HTML
  [1m[35mTweet Load (0.9ms)[0m  SELECT "tweets".* FROM "tweets"
  Rendered tweets/index.html.erb within layouts/application (3.2ms)
Completed 200 OK in 160ms (Views: 155.5ms | ActiveRecord: 0.9ms)


Started GET "/assets/static_pages.css?body=1" for 136.152.142.64 at 2014-11-21 01:46:16 +0000


Started GET "/assets/static_pages.js?body=1" for 136.152.142.64 at 2014-11-21 01:46:16 +0000


Started GET "/tweets/new" for 136.152.142.64 at 2014-11-21 01:46:25 +0000
Processing by TweetsController#new as HTML
  Rendered tweets/_form.html.erb (371.9ms)
  Rendered tweets/new.html.erb within layouts/application (378.9ms)
Completed 200 OK in 856ms (Views: 854.5ms | ActiveRecord: 0.5ms)


Started POST "/tweets" for 136.152.142.64 at 2014-11-21 01:46:32 +0000
Processing by TweetsController#create as HTML
  Parameters: {"utf8"=>"✓", "authenticity_token"=>"rF0TRBi/nzdRFJpZHf3Hz0rn8e7GYXriAUxxNJm+Wx8=", "tweet"=>{"status"=>"", "user_id"=>"1"}, "commit"=>"Create Tweet"}
  [1m[36m (0.2ms)[0m  [1mbegin transaction[0m
  [1m[35m (0.1ms)[0m  rollback transaction
  Rendered tweets/_form.html.erb (4.2ms)
  Rendered tweets/new.html.erb within layouts/application (6.5ms)
Completed 200 OK in 237ms (Views: 232.3ms | ActiveRecord: 0.3ms)


Started GET "/assets/static_pages.css?body=1" for 136.152.142.64 at 2014-11-21 01:46:32 +0000


Started GET "/assets/tweets.css?body=1" for 136.152.142.64 at 2014-11-21 01:46:32 +0000


Started GET "/assets/static_pages.js?body=1" for 136.152.142.64 at 2014-11-21 01:46:32 +0000


Started GET "/assets/tweets.js?body=1" for 136.152.142.64 at 2014-11-21 01:46:32 +0000


Started POST "/tweets" for 136.152.142.64 at 2014-11-21 01:46:43 +0000
Processing by TweetsController#create as HTML
  Parameters: {"utf8"=>"✓", "authenticity_token"=>"rF0TRBi/nzdRFJpZHf3Hz0rn8e7GYXriAUxxNJm+Wx8=", "tweet"=>{"status"=>"gggggggggggggggggggggggggggggggggggggggggggggggggggggggggggggggggggggggggggggggggggggggggggggggggggggggggggggggggggggggggggggggggggggggggggggggggggggggggggggggg", "user_id"=>"1"}, "commit"=>"Create Tweet"}
  [1m[36m (0.1ms)[0m  [1mbegin transaction[0m
  [1m[35m (0.1ms)[0m  rollback transaction
  Rendered tweets/_form.html.erb (2.8ms)
  Rendered tweets/new.html.erb within layouts/application (4.3ms)
Completed 200 OK in 161ms (Views: 157.7ms | ActiveRecord: 0.2ms)


Started GET "/assets/tweets.css?body=1" for 136.152.142.64 at 2014-11-21 01:46:43 +0000


Started GET "/assets/static_pages.css?body=1" for 136.152.142.64 at 2014-11-21 01:46:43 +0000


Started GET "/assets/static_pages.js?body=1" for 136.152.142.64 at 2014-11-21 01:46:43 +0000


Started GET "/assets/tweets.js?body=1" for 136.152.142.64 at 2014-11-21 01:46:43 +0000


Started GET "/" for 136.152.142.64 at 2014-11-21 01:52:47 +0000
  [1m[36mActiveRecord::SchemaMigration Load (0.2ms)[0m  [1mSELECT "schema_migrations".* FROM "schema_migrations"[0m
Processing by StaticPagesController#home as HTML
  Rendered static_pages/home.html.erb within layouts/application (3.5ms)
Completed 200 OK in 345ms (Views: 320.4ms | ActiveRecord: 0.0ms)


Started GET "/assets/custom.css?body=1" for 136.152.142.64 at 2014-11-21 01:52:48 +0000


Started GET "/assets/tweets.css?body=1" for 136.152.142.64 at 2014-11-21 01:52:48 +0000


Started GET "/assets/static_pages.css?body=1" for 136.152.142.64 at 2014-11-21 01:52:48 +0000


Started GET "/assets/static_pages.js?body=1" for 136.152.142.64 at 2014-11-21 01:52:48 +0000


Started GET "/assets/tweets.js?body=1" for 136.152.142.64 at 2014-11-21 01:52:48 +0000


Started GET "/users" for 136.152.142.64 at 2014-11-21 01:54:58 +0000
Processing by UsersController#index as HTML
  [1m[35mUser Load (0.3ms)[0m  SELECT "users".* FROM "users"
  Rendered users/index.html.erb within layouts/application (7.7ms)
Completed 200 OK in 197ms (Views: 177.3ms | ActiveRecord: 0.7ms)


Started GET "/assets/static_pages.css?body=1" for 136.152.142.64 at 2014-11-21 01:54:58 +0000


Started GET "/assets/tweets.css?body=1" for 136.152.142.64 at 2014-11-21 01:54:58 +0000


Started GET "/assets/static_pages.js?body=1" for 136.152.142.64 at 2014-11-21 01:54:58 +0000


Started GET "/assets/tweets.js?body=1" for 136.152.142.64 at 2014-11-21 01:54:58 +0000


Started GET "/" for 50.136.170.222 at 2014-12-10 17:57:17 +0000
  [1m[36mActiveRecord::SchemaMigration Load (0.2ms)[0m  [1mSELECT "schema_migrations".* FROM "schema_migrations"[0m
Processing by StaticPagesController#home as HTML
  Rendered static_pages/home.html.erb within layouts/application (4.5ms)
Completed 200 OK in 746ms (Views: 719.3ms | ActiveRecord: 0.0ms)


Started GET "/assets/custom.css?body=1" for 50.136.170.222 at 2014-12-10 17:57:19 +0000


Started GET "/assets/scaffolds.css?body=1" for 50.136.170.222 at 2014-12-10 17:57:19 +0000


Started GET "/assets/application.css?body=1" for 50.136.170.222 at 2014-12-10 17:57:19 +0000


Started GET "/assets/jquery.js?body=1" for 50.136.170.222 at 2014-12-10 17:57:19 +0000


Started GET "/assets/users.css?body=1" for 50.136.170.222 at 2014-12-10 17:57:19 +0000


Started GET "/assets/tweets.css?body=1" for 50.136.170.222 at 2014-12-10 17:57:19 +0000


Started GET "/assets/static_pages.css?body=1" for 50.136.170.222 at 2014-12-10 17:57:19 +0000


Started GET "/assets/jquery_ujs.js?body=1" for 50.136.170.222 at 2014-12-10 17:57:19 +0000


Started GET "/assets/turbolinks.js?body=1" for 50.136.170.222 at 2014-12-10 17:57:19 +0000


Started GET "/assets/tweets.js?body=1" for 50.136.170.222 at 2014-12-10 17:57:19 +0000


Started GET "/assets/users.js?body=1" for 50.136.170.222 at 2014-12-10 17:57:19 +0000


Started GET "/assets/application.js?body=1" for 50.136.170.222 at 2014-12-10 17:57:19 +0000


Started GET "/assets/static_pages.js?body=1" for 50.136.170.222 at 2014-12-10 17:57:19 +0000


Started GET "/users" for 50.136.170.222 at 2014-12-10 17:57:33 +0000
Processing by UsersController#index as HTML
  [1m[35mUser Load (0.4ms)[0m  SELECT "users".* FROM "users"
  Rendered users/index.html.erb within layouts/application (9.4ms)
Completed 200 OK in 228ms (Views: 204.5ms | ActiveRecord: 0.8ms)


Started GET "/assets/static_pages.css?body=1" for 50.136.170.222 at 2014-12-10 17:57:33 +0000


Started GET "/assets/static_pages.js?body=1" for 50.136.170.222 at 2014-12-10 17:57:33 +0000


Started GET "/tweets" for 50.136.170.222 at 2014-12-10 18:00:36 +0000
Processing by TweetsController#index as HTML
  [1m[36mTweet Load (0.3ms)[0m  [1mSELECT "tweets".* FROM "tweets"[0m
  Rendered tweets/index.html.erb within layouts/application (1.8ms)
Completed 200 OK in 187ms (Views: 157.6ms | ActiveRecord: 0.3ms)


Started GET "/assets/static_pages.css?body=1" for 50.136.170.222 at 2014-12-10 18:00:36 +0000


Started GET "/assets/static_pages.js?body=1" for 50.136.170.222 at 2014-12-10 18:00:36 +0000


Started GET "/tweets/new" for 50.136.170.222 at 2014-12-10 18:00:40 +0000
Processing by TweetsController#new as HTML
  [1m[35mUser Load (0.3ms)[0m  SELECT "users".* FROM "users"   ORDER BY "users"."name" ASC
  Rendered tweets/_form.html.erb (583.2ms)
  Rendered tweets/new.html.erb within layouts/application (589.9ms)
Completed 200 OK in 1035ms (Views: 1033.0ms | ActiveRecord: 0.8ms)


Started GET "/assets/static_pages.css?body=1" for 50.136.170.222 at 2014-12-10 18:00:42 +0000


Started GET "/assets/static_pages.js?body=1" for 50.136.170.222 at 2014-12-10 18:00:42 +0000


Started POST "/tweets" for 50.136.170.222 at 2014-12-10 18:01:01 +0000
Processing by TweetsController#create as HTML
  Parameters: {"utf8"=>"✓", "authenticity_token"=>"SqFKT/R22kl5hYAlLRuRzCiIDK4Gt9d9RjFkiTudLN4=", "tweet"=>{"status"=>"hello world", "user_id"=>"1"}, "commit"=>"Create Tweet"}
  [1m[36m (0.2ms)[0m  [1mbegin transaction[0m
  [1m[35mSQL (0.6ms)[0m  INSERT INTO "tweets" ("created_at", "status", "updated_at", "user_id") VALUES (?, ?, ?, ?)  [["created_at", "2014-12-10 18:01:01.422851"], ["status", "hello world"], ["updated_at", "2014-12-10 18:01:01.422851"], ["user_id", 1]]
  [1m[36m (40.2ms)[0m  [1mcommit transaction[0m
Redirected to http://black-rambo-86-155288.usw1.nitrousbox.com/tweets/1
Completed 302 Found in 83ms (ActiveRecord: 41.0ms)


Started GET "/tweets/1" for 50.136.170.222 at 2014-12-10 18:01:01 +0000
Processing by TweetsController#show as HTML
  Parameters: {"id"=>"1"}
  [1m[35mTweet Load (0.5ms)[0m  SELECT  "tweets".* FROM "tweets"  WHERE "tweets"."id" = ? LIMIT 1  [["id", 1]]
  Rendered tweets/show.html.erb within layouts/application (1.4ms)
Completed 200 OK in 181ms (Views: 177.6ms | ActiveRecord: 0.5ms)


Started GET "/assets/static_pages.css?body=1" for 50.136.170.222 at 2014-12-10 18:01:01 +0000


Started GET "/assets/static_pages.js?body=1" for 50.136.170.222 at 2014-12-10 18:01:01 +0000


Started GET "/tweets/1" for 50.136.170.222 at 2014-12-10 18:03:30 +0000
Processing by TweetsController#show as HTML
  Parameters: {"id"=>"1"}
  [1m[36mTweet Load (0.2ms)[0m  [1mSELECT  "tweets".* FROM "tweets"  WHERE "tweets"."id" = ? LIMIT 1[0m  [["id", 1]]
  Rendered tweets/show.html.erb within layouts/application (0.5ms)
Completed 200 OK in 161ms (Views: 159.0ms | ActiveRecord: 0.2ms)


Started GET "/assets/static_pages.css?body=1" for 50.136.170.222 at 2014-12-10 18:03:30 +0000


Started GET "/assets/static_pages.js?body=1" for 50.136.170.222 at 2014-12-10 18:03:30 +0000


Started GET "/" for 50.136.170.222 at 2014-12-10 18:03:34 +0000
Processing by StaticPagesController#home as HTML
  Rendered static_pages/home.html.erb within layouts/application (0.3ms)
Completed 200 OK in 160ms (Views: 159.1ms | ActiveRecord: 0.0ms)


Started GET "/assets/static_pages.css?body=1" for 50.136.170.222 at 2014-12-10 18:03:34 +0000


Started GET "/assets/static_pages.js?body=1" for 50.136.170.222 at 2014-12-10 18:03:34 +0000


Started GET "/" for 50.136.170.222 at 2014-12-10 18:04:34 +0000
Processing by StaticPagesController#home as HTML
  Rendered static_pages/home.html.erb within layouts/application (0.6ms)
Completed 200 OK in 155ms (Views: 154.6ms | ActiveRecord: 0.0ms)


Started GET "/assets/static_pages.css?body=1" for 50.136.170.222 at 2014-12-10 18:04:34 +0000


Started GET "/assets/static_pages.js?body=1" for 50.136.170.222 at 2014-12-10 18:04:34 +0000


Started GET "/" for 67.180.30.88 at 2014-12-12 03:57:52 +0000
  [1m[36mActiveRecord::SchemaMigration Load (0.2ms)[0m  [1mSELECT "schema_migrations".* FROM "schema_migrations"[0m
Processing by StaticPagesController#home as HTML
  Rendered static_pages/home.html.erb within layouts/application (3.1ms)
Completed 200 OK in 629ms (Views: 604.5ms | ActiveRecord: 0.0ms)


Started GET "/assets/custom.css?body=1" for 67.180.30.88 at 2014-12-12 03:57:53 +0000


Started GET "/assets/scaffolds.css?body=1" for 67.180.30.88 at 2014-12-12 03:57:53 +0000


Started GET "/assets/tweets.css?body=1" for 67.180.30.88 at 2014-12-12 03:57:53 +0000


Started GET "/assets/static_pages.css?body=1" for 67.180.30.88 at 2014-12-12 03:57:53 +0000


Started GET "/assets/users.css?body=1" for 67.180.30.88 at 2014-12-12 03:57:53 +0000


Started GET "/assets/jquery.js?body=1" for 67.180.30.88 at 2014-12-12 03:57:53 +0000


Started GET "/assets/application.css?body=1" for 67.180.30.88 at 2014-12-12 03:57:53 +0000


Started GET "/assets/jquery_ujs.js?body=1" for 67.180.30.88 at 2014-12-12 03:57:54 +0000


Started GET "/assets/turbolinks.js?body=1" for 67.180.30.88 at 2014-12-12 03:57:54 +0000


Started GET "/assets/users.js?body=1" for 67.180.30.88 at 2014-12-12 03:57:54 +0000


Started GET "/assets/tweets.js?body=1" for 67.180.30.88 at 2014-12-12 03:57:54 +0000


Started GET "/assets/application.js?body=1" for 67.180.30.88 at 2014-12-12 03:57:54 +0000


Started GET "/assets/static_pages.js?body=1" for 67.180.30.88 at 2014-12-12 03:57:54 +0000


Started GET "/users" for 67.180.30.88 at 2014-12-12 04:01:04 +0000
Processing by UsersController#index as HTML
  [1m[35mUser Load (0.3ms)[0m  SELECT "users".* FROM "users"
  Rendered users/index.html.erb within layouts/application (7.5ms)
Completed 200 OK in 164ms (Views: 153.7ms | ActiveRecord: 0.7ms)


Started GET "/" for 67.180.30.88 at 2014-12-12 04:08:41 +0000
  [1m[36mActiveRecord::SchemaMigration Load (0.2ms)[0m  [1mSELECT "schema_migrations".* FROM "schema_migrations"[0m
Processing by StaticPagesController#home as HTML
  Rendered static_pages/home.html.erb within layouts/application (2.7ms)
Completed 200 OK in 917ms (Views: 893.1ms | ActiveRecord: 0.0ms)


Started GET "/assets/static_pages.css?body=1" for 67.180.30.88 at 2014-12-12 04:08:43 +0000


Started GET "/assets/static_pages.js?body=1" for 67.180.30.88 at 2014-12-12 04:08:43 +0000


Started GET "/" for 67.180.30.88 at 2014-12-12 04:45:26 +0000
  [1m[36mActiveRecord::SchemaMigration Load (0.2ms)[0m  [1mSELECT "schema_migrations".* FROM "schema_migrations"[0m
Processing by StaticPagesController#home as HTML
  Rendered static_pages/home.html.erb within layouts/application (3.2ms)
Completed 200 OK in 685ms (Views: 661.2ms | ActiveRecord: 0.0ms)


Started GET "/assets/custom.css?body=1" for 67.180.30.88 at 2014-12-12 04:45:27 +0000


Started GET "/assets/tweets.css?body=1" for 67.180.30.88 at 2014-12-12 04:45:27 +0000


Started GET "/assets/static_pages.css?body=1" for 67.180.30.88 at 2014-12-12 04:45:27 +0000


Started GET "/assets/scaffolds.css?body=1" for 67.180.30.88 at 2014-12-12 04:45:27 +0000


Started GET "/assets/users.css?body=1" for 67.180.30.88 at 2014-12-12 04:45:27 +0000


Started GET "/assets/application.css?body=1" for 67.180.30.88 at 2014-12-12 04:45:27 +0000


Started GET "/assets/jquery.js?body=1" for 67.180.30.88 at 2014-12-12 04:45:27 +0000


Started GET "/assets/jquery_ujs.js?body=1" for 67.180.30.88 at 2014-12-12 04:45:27 +0000


Started GET "/assets/turbolinks.js?body=1" for 67.180.30.88 at 2014-12-12 04:45:27 +0000


Started GET "/assets/static_pages.js?body=1" for 67.180.30.88 at 2014-12-12 04:45:27 +0000


Started GET "/assets/tweets.js?body=1" for 67.180.30.88 at 2014-12-12 04:45:27 +0000


Started GET "/assets/application.js?body=1" for 67.180.30.88 at 2014-12-12 04:45:27 +0000


Started GET "/assets/users.js?body=1" for 67.180.30.88 at 2014-12-12 04:45:27 +0000


Started GET "/" for 67.180.30.88 at 2014-12-12 05:11:04 +0000
  [1m[36mActiveRecord::SchemaMigration Load (0.2ms)[0m  [1mSELECT "schema_migrations".* FROM "schema_migrations"[0m
Processing by StaticPagesController#home as HTML
  Rendered static_pages/home.html.erb within layouts/application (2.7ms)
Completed 200 OK in 413ms (Views: 389.3ms | ActiveRecord: 0.0ms)


Started GET "/assets/custom.css?body=1" for 67.180.30.88 at 2014-12-12 05:11:05 +0000


Started GET "/assets/users.css?body=1" for 67.180.30.88 at 2014-12-12 05:11:05 +0000


Started GET "/assets/scaffolds.css?body=1" for 67.180.30.88 at 2014-12-12 05:11:05 +0000


Started GET "/assets/static_pages.css?body=1" for 67.180.30.88 at 2014-12-12 05:11:05 +0000


Started GET "/assets/application.css?body=1" for 67.180.30.88 at 2014-12-12 05:11:05 +0000


Started GET "/assets/jquery.js?body=1" for 67.180.30.88 at 2014-12-12 05:11:05 +0000


Started GET "/assets/jquery_ujs.js?body=1" for 67.180.30.88 at 2014-12-12 05:11:05 +0000


Started GET "/assets/turbolinks.js?body=1" for 67.180.30.88 at 2014-12-12 05:11:05 +0000


Started GET "/assets/static_pages.js?body=1" for 67.180.30.88 at 2014-12-12 05:11:05 +0000


Started GET "/assets/tweets.js?body=1" for 67.180.30.88 at 2014-12-12 05:11:05 +0000


Started GET "/assets/users.js?body=1" for 67.180.30.88 at 2014-12-12 05:11:05 +0000


Started GET "/assets/application.js?body=1" for 67.180.30.88 at 2014-12-12 05:11:05 +0000


Started GET "/assets/tweets.css?body=1" for 67.180.30.88 at 2014-12-12 05:11:06 +0000
